2024-12-13 12:21:28.517 [info] (Client) Pylance async client (2024.12.1) started with python extension (2024.22.0)
2024-12-13 12:21:29.391 [info] [Info  - 12:21:29 PM] (91043) Server root directory: file:///home/understressengineer/.vscode/extensions/ms-python.vscode-pylance-2024.12.1/dist
2024-12-13 12:21:29.392 [info] [Info  - 12:21:29 PM] (91043) Pylance language server 2024.12.1 (pyright version 1.1.389, commit ce1325fc) starting
2024-12-13 12:21:29.838 [info] [Info  - 12:21:29 PM] (91043) Starting service instance "ML-From-Scratch"
2024-12-13 12:21:29.923 [info] [Info  - 12:21:29 PM] (91043) Setting environmentName for service "ML-From-Scratch": "3.10.14 (env_hack venv)"
2024-12-13 12:21:29.923 [info] [Info  - 12:21:29 PM] (91043) Setting pythonPath for service "ML-From-Scratch": "/home/understressengineer/programming/env_hack/bin/python"
2024-12-13 12:21:29.924 [info] [Info  - 12:21:29 PM] (91043) No include entries specified; assuming /home/understressengineer/programming/ML-From-Scratch
2024-12-13 12:21:29.925 [info] [Info  - 12:21:29 PM] (91043) Auto-excluding **/node_modules
2024-12-13 12:21:29.926 [info] [Info  - 12:21:29 PM] (91043) Auto-excluding **/__pycache__
2024-12-13 12:21:29.926 [info] [Info  - 12:21:29 PM] (91043) Auto-excluding **/.*
2024-12-13 12:21:29.963 [info] [Info  - 12:21:29 PM] (91043) Assuming Python version 3.10.14.final.0
2024-12-13 12:21:31.183 [info] [Info  - 12:21:31 PM] (91043) Found 1 source file
2024-12-13 12:21:31.202 [info] [Info  - 12:21:31 PM] (91043) Background analysis(1) root directory: file:///home/understressengineer/.vscode/extensions/ms-python.vscode-pylance-2024.12.1/dist
2024-12-13 12:21:31.206 [info] [Info  - 12:21:31 PM] (91043) Background analysis(1) started
2024-12-13 12:21:44.466 [info] [Info  - 12:21:44 PM] (91043) Starting service instance "ML-From-Scratch"
2024-12-13 12:21:44.898 [info] [Info  - 12:21:44 PM] (91043) Setting environmentName for service "ML-From-Scratch": "3.10.14 (env_hack venv)"
2024-12-13 12:21:44.899 [info] [Info  - 12:21:44 PM] (91043) Setting pythonPath for service "ML-From-Scratch": "/home/understressengineer/programming/ML-From-Scratch"
2024-12-13 12:21:44.910 [info] [Info  - 12:21:44 PM] (91043) No include entries specified; assuming /home/understressengineer/programming/ML-From-Scratch
2024-12-13 12:21:44.912 [info] [Info  - 12:21:44 PM] (91043) Auto-excluding **/node_modules
2024-12-13 12:21:44.912 [info] [Info  - 12:21:44 PM] (91043) Auto-excluding **/__pycache__
2024-12-13 12:21:44.917 [info] [Info  - 12:21:44 PM] (91043) Auto-excluding **/.*
2024-12-13 12:21:46.444 [info] [Info  - 12:21:46 PM] (91043) Found 1 source file
2024-12-13 12:21:46.445 [info] [Info  - 12:21:46 PM] (91043) Starting service instance "<default>"
2024-12-13 12:21:46.453 [info] [Info  - 12:21:46 PM] (91043) Background analysis(2) root directory: file:///home/understressengineer/.vscode/extensions/ms-python.vscode-pylance-2024.12.1/dist
2024-12-13 12:21:46.455 [info] [Info  - 12:21:46 PM] (91043) Background analysis(2) started
2024-12-13 12:21:46.751 [info] [Info  - 12:21:46 PM] (91043) Setting environmentName for service "<default>": "3.10.14 (env_hack venv)"
2024-12-13 12:21:46.752 [info] [Info  - 12:21:46 PM] (91043) Setting pythonPath for service "<default>": "/home/understressengineer/programming/env_hack/bin/python"
2024-12-13 12:21:46.754 [info] [Info  - 12:21:46 PM] (91043) No include entries specified; assuming /<default workspace root>
2024-12-13 12:21:46.754 [info] [Info  - 12:21:46 PM] (91043) Auto-excluding **/node_modules
2024-12-13 12:21:46.754 [info] [Info  - 12:21:46 PM] (91043) Auto-excluding **/__pycache__
2024-12-13 12:21:46.755 [info] [Info  - 12:21:46 PM] (91043) Auto-excluding **/.*
2024-12-13 12:21:46.756 [info] [Info  - 12:21:46 PM] (91043) Assuming Python version 3.10.14.final.0
2024-12-13 12:21:46.785 [info] [Error - 12:21:46 PM] (91043) File or directory "/<default workspace root>" does not exist.
2024-12-13 12:21:46.786 [info] [Info  - 12:21:46 PM] (91043) No source files found.
2024-12-13 12:21:47.788 [info] [Info  - 12:21:47 PM] (91043) Background analysis(3) root directory: file:///home/understressengineer/.vscode/extensions/ms-python.vscode-pylance-2024.12.1/dist
2024-12-13 12:21:47.792 [info] [Info  - 12:21:47 PM] (91043) Background analysis(3) started
2024-12-13 12:21:47.955 [info] [Info  - 12:21:47 PM] (91043) Indexer background runner(4) root directory: file:///home/understressengineer/.vscode/extensions/ms-python.vscode-pylance-2024.12.1/dist (index)
2024-12-13 12:21:47.955 [info] [Info  - 12:21:47 PM] (91043) Indexing(4) started
2024-12-13 12:21:49.795 [info] [Info  - 12:21:49 PM] (91043) scanned(4) 1 files over 1 exec env
2024-12-13 12:21:49.850 [info] [Info  - 12:21:49 PM] (91043) indexed(4) 1 files over 1 exec env
2024-12-13 12:21:49.851 [info] [Info  - 12:21:49 PM] (91043) Indexing finished(4).
2024-12-13 12:22:02.853 [info] [Info  - 12:22:02 PM] (91043) Indexer background runner(5) root directory: file:///home/understressengineer/.vscode/extensions/ms-python.vscode-pylance-2024.12.1/dist (index)
2024-12-13 12:22:02.854 [info] [Info  - 12:22:02 PM] (91043) Indexing(5) started
2024-12-13 12:22:03.939 [info] [Info  - 12:22:03 PM] (91043) scanned(5) 401 files over 1 exec env
2024-12-13 12:22:10.995 [info] [Info  - 12:22:10 PM] (91043) [IDX(5)] Long operation: index execution environment file:///home/understressengineer/programming/ML-From-Scratch (6578ms)
2024-12-13 12:22:11.038 [info] [Info  - 12:22:11 PM] (91043) [IDX(5)] Long operation: index packages file:///home/understressengineer/programming/ML-From-Scratch (6670ms)
2024-12-13 12:22:11.038 [info] [Info  - 12:22:11 PM] (91043) indexed(5) 401 files over 1 exec env
2024-12-13 12:22:11.229 [info] [Info  - 12:22:11 PM] (91043) Indexing finished(5).
2024-12-13 14:50:23.877 [info] (Client) Pylance async client (2024.12.1) started with python extension (2024.22.0)
2024-12-13 14:50:24.483 [info] [Info  - 2:50:24 PM] (140380) Server root directory: file:///home/understressengineer/.vscode/extensions/ms-python.vscode-pylance-2024.12.1/dist
2024-12-13 14:50:24.484 [info] [Info  - 2:50:24 PM] (140380) Pylance language server 2024.12.1 (pyright version 1.1.389, commit ce1325fc) starting
2024-12-13 14:50:24.489 [info] [Info  - 2:50:24 PM] (140380) Starting service instance "ML-From-Scratch"
2024-12-13 14:50:24.550 [info] [Info  - 2:50:24 PM] (140380) Setting environmentName for service "ML-From-Scratch": "3.10.14 (env_hack venv)"
2024-12-13 14:50:24.551 [info] [Info  - 2:50:24 PM] (140380) Setting pythonPath for service "ML-From-Scratch": "/home/understressengineer/programming/env_hack/bin/python"
2024-12-13 14:50:24.551 [info] [Info  - 2:50:24 PM] (140380) No include entries specified; assuming /home/understressengineer/programming/ML-From-Scratch
2024-12-13 14:50:24.551 [info] [Info  - 2:50:24 PM] (140380) Auto-excluding **/node_modules
2024-12-13 14:50:24.552 [info] [Info  - 2:50:24 PM] (140380) Auto-excluding **/__pycache__
2024-12-13 14:50:24.552 [info] [Info  - 2:50:24 PM] (140380) Auto-excluding **/.*
2024-12-13 14:50:24.577 [info] [Info  - 2:50:24 PM] (140380) Assuming Python version 3.10.14.final.0
2024-12-13 14:50:25.410 [info] [Info  - 2:50:25 PM] (140380) Found 1 source file
2024-12-13 14:50:25.431 [info] [Info  - 2:50:25 PM] (140380) Background analysis(1) root directory: file:///home/understressengineer/.vscode/extensions/ms-python.vscode-pylance-2024.12.1/dist
2024-12-13 14:50:25.431 [info] [Info  - 2:50:25 PM] (140380) Background analysis(1) started
2024-12-13 14:50:25.782 [info] [Info  - 2:50:25 PM] (140380) Starting service instance "<default>"
2024-12-13 14:50:25.803 [info] [Info  - 2:50:25 PM] (140380) Setting environmentName for service "<default>": "3.10.14 (env_hack venv)"
2024-12-13 14:50:25.803 [info] [Info  - 2:50:25 PM] (140380) Setting pythonPath for service "<default>": "/home/understressengineer/programming/env_hack/bin/python"
2024-12-13 14:50:25.803 [info] [Info  - 2:50:25 PM] (140380) No include entries specified; assuming /<default workspace root>
2024-12-13 14:50:25.803 [info] [Info  - 2:50:25 PM] (140380) Auto-excluding **/node_modules
2024-12-13 14:50:25.804 [info] [Info  - 2:50:25 PM] (140380) Auto-excluding **/__pycache__
2024-12-13 14:50:25.804 [info] [Info  - 2:50:25 PM] (140380) Auto-excluding **/.*
2024-12-13 14:50:25.830 [info] [Info  - 2:50:25 PM] (140380) Assuming Python version 3.10.14.final.0
2024-12-13 14:50:25.908 [info] [Error - 2:50:25 PM] (140380) File or directory "/<default workspace root>" does not exist.
2024-12-13 14:50:25.908 [info] [Info  - 2:50:25 PM] (140380) No source files found.
2024-12-13 14:50:26.116 [info] [Info  - 2:50:26 PM] (140380) Indexer background runner(2) root directory: file:///home/understressengineer/.vscode/extensions/ms-python.vscode-pylance-2024.12.1/dist (index)
2024-12-13 14:50:26.116 [info] [Info  - 2:50:26 PM] (140380) Indexing(2) started
2024-12-13 14:50:26.434 [info] [Info  - 2:50:26 PM] (140380) Background analysis(3) root directory: file:///home/understressengineer/.vscode/extensions/ms-python.vscode-pylance-2024.12.1/dist
2024-12-13 14:50:26.437 [info] [Info  - 2:50:26 PM] (140380) Background analysis(3) started
2024-12-13 14:50:27.046 [info] [Info  - 2:50:27 PM] (140380) scanned(2) 401 files over 1 exec env
2024-12-13 14:50:27.296 [info] [Info  - 2:50:27 PM] (140380) indexed(2) 401 files over 1 exec env
2024-12-13 14:50:27.433 [info] [Info  - 2:50:27 PM] (140380) Indexing finished(2).
2024-12-13 19:49:28.674 [info] [Info  - 7:49:28 PM] (140380) Starting service instance "ML-From-Scratch"
2024-12-13 19:49:28.754 [info] [Info  - 7:49:28 PM] (140380) Setting environmentName for service "ML-From-Scratch": "3.10.14 (env_hack venv)"
2024-12-13 19:49:28.764 [info] [Info  - 7:49:28 PM] (140380) Setting pythonPath for service "ML-From-Scratch": "/home/understressengineer/programming/ML-From-Scratch"
2024-12-13 19:49:28.764 [info] [Info  - 7:49:28 PM] (140380) No include entries specified; assuming /home/understressengineer/programming/ML-From-Scratch
2024-12-13 19:49:28.764 [info] [Info  - 7:49:28 PM] (140380) Auto-excluding **/node_modules
2024-12-13 19:49:28.765 [info] [Info  - 7:49:28 PM] (140380) Auto-excluding **/__pycache__
2024-12-13 19:49:28.765 [info] [Info  - 7:49:28 PM] (140380) Auto-excluding **/.*
2024-12-13 19:49:30.607 [info] [Info  - 7:49:30 PM] (140380) Found 1 source file
2024-12-13 19:49:30.781 [info] [Info  - 7:49:30 PM] (140380) Background analysis(4) root directory: file:///home/understressengineer/.vscode/extensions/ms-python.vscode-pylance-2024.12.1/dist
2024-12-13 19:49:30.781 [info] [Info  - 7:49:30 PM] (140380) Background analysis(4) started
2024-12-13 19:49:31.030 [info] [Info  - 7:49:31 PM] (140380) Setting environmentName for service "ML-From-Scratch": "3.10.14 (env_hack venv)"
2024-12-13 19:49:31.031 [info] [Info  - 7:49:31 PM] (140380) Setting pythonPath for service "ML-From-Scratch": "/home/understressengineer/programming/env_hack/bin/python"
2024-12-13 19:49:31.031 [info] [Info  - 7:49:31 PM] (140380) No include entries specified; assuming /home/understressengineer/programming/ML-From-Scratch
2024-12-13 19:49:31.031 [info] [Info  - 7:49:31 PM] (140380) Auto-excluding **/node_modules
2024-12-13 19:49:31.032 [info] [Info  - 7:49:31 PM] (140380) Auto-excluding **/__pycache__
2024-12-13 19:49:31.032 [info] [Info  - 7:49:31 PM] (140380) Auto-excluding **/.*
2024-12-13 19:49:31.121 [info] [Info  - 7:49:31 PM] (140380) Assuming Python version 3.10.14.final.0
2024-12-13 19:49:32.428 [info] [Info  - 7:49:32 PM] (140380) Found 1 source file
2024-12-13 19:49:32.457 [info] [Info  - 7:49:32 PM] (140380) Indexer background runner(5) root directory: file:///home/understressengineer/.vscode/extensions/ms-python.vscode-pylance-2024.12.1/dist (index)
2024-12-13 19:49:32.458 [info] [Info  - 7:49:32 PM] (140380) Indexing(5) started
2024-12-13 19:49:32.458 [info] [Info  - 7:49:32 PM] (140380) scanned(5) 1 files over 1 exec env
2024-12-13 19:49:32.459 [info] [Info  - 7:49:32 PM] (140380) Setting environmentName for service "<default>": "3.10.14 (env_hack venv)"
2024-12-13 19:49:32.460 [info] [Info  - 7:49:32 PM] (140380) Setting pythonPath for service "<default>": "/home/understressengineer/programming/env_hack/bin/python"
2024-12-13 19:49:32.460 [info] [Info  - 7:49:32 PM] (140380) No include entries specified; assuming /<default workspace root>
2024-12-13 19:49:32.460 [info] [Info  - 7:49:32 PM] (140380) Auto-excluding **/node_modules
2024-12-13 19:49:32.460 [info] [Info  - 7:49:32 PM] (140380) Auto-excluding **/__pycache__
2024-12-13 19:49:32.460 [info] [Info  - 7:49:32 PM] (140380) Auto-excluding **/.*
2024-12-13 19:49:32.521 [info] [Info  - 7:49:32 PM] (140380) Assuming Python version 3.10.14.final.0
2024-12-13 19:49:32.655 [info] [Error - 7:49:32 PM] (140380) File or directory "/<default workspace root>" does not exist.
2024-12-13 19:49:32.655 [info] [Info  - 7:49:32 PM] (140380) No source files found.
2024-12-13 19:49:32.920 [info] [Info  - 7:49:32 PM] (140380) Setting environmentName for service "ML-From-Scratch": "3.10.14 (env_hack venv)"
2024-12-13 19:49:32.920 [info] [Info  - 7:49:32 PM] (140380) Setting pythonPath for service "ML-From-Scratch": "/home/understressengineer/programming/ML-From-Scratch"
2024-12-13 19:49:32.920 [info] [Info  - 7:49:32 PM] (140380) No include entries specified; assuming /home/understressengineer/programming/ML-From-Scratch
2024-12-13 19:49:32.920 [info] [Info  - 7:49:32 PM] (140380) Auto-excluding **/node_modules
2024-12-13 19:49:32.920 [info] [Info  - 7:49:32 PM] (140380) Auto-excluding **/__pycache__
2024-12-13 19:49:32.920 [info] [Info  - 7:49:32 PM] (140380) Auto-excluding **/.*
2024-12-13 19:49:33.742 [info] [Info  - 7:49:33 PM] (140380) Found 14 source files
2024-12-13 19:49:33.761 [info] [Info  - 7:49:33 PM] (140380) indexed(5) 1 files over 1 exec env
2024-12-13 19:49:33.851 [info] [Info  - 7:49:33 PM] (140380) Setting environmentName for service "ML-From-Scratch": "3.10.14 (env_hack venv)"
2024-12-13 19:49:33.851 [info] [Info  - 7:49:33 PM] (140380) Setting pythonPath for service "ML-From-Scratch": "/home/understressengineer/programming/env_hack/bin/python"
2024-12-13 19:49:33.851 [info] [Info  - 7:49:33 PM] (140380) No include entries specified; assuming /home/understressengineer/programming/ML-From-Scratch
2024-12-13 19:49:33.851 [info] [Info  - 7:49:33 PM] (140380) Auto-excluding **/node_modules
2024-12-13 19:49:33.852 [info] [Info  - 7:49:33 PM] (140380) Auto-excluding **/__pycache__
2024-12-13 19:49:33.852 [info] [Info  - 7:49:33 PM] (140380) Auto-excluding **/.*
2024-12-13 19:49:33.904 [info] [Info  - 7:49:33 PM] (140380) Assuming Python version 3.10.14.final.0
2024-12-13 19:49:34.848 [info] [Info  - 7:49:34 PM] (140380) Found 1 source file
2024-12-13 19:49:34.881 [info] [Info  - 7:49:34 PM] (140380) scanned(5) 1 files over 1 exec env
2024-12-13 19:49:35.127 [info] [Info  - 7:49:35 PM] (140380) Setting environmentName for service "<default>": "3.10.14 (env_hack venv)"
2024-12-13 19:49:35.128 [info] [Info  - 7:49:35 PM] (140380) Setting pythonPath for service "<default>": "/home/understressengineer/programming/env_hack/bin/python"
2024-12-13 19:49:35.128 [info] [Info  - 7:49:35 PM] (140380) No include entries specified; assuming /<default workspace root>
2024-12-13 19:49:35.128 [info] [Info  - 7:49:35 PM] (140380) Auto-excluding **/node_modules
2024-12-13 19:49:35.128 [info] [Info  - 7:49:35 PM] (140380) Auto-excluding **/__pycache__
2024-12-13 19:49:35.128 [info] [Info  - 7:49:35 PM] (140380) Auto-excluding **/.*
2024-12-13 19:49:35.180 [info] [Info  - 7:49:35 PM] (140380) Assuming Python version 3.10.14.final.0
2024-12-13 19:49:35.281 [info] [Error - 7:49:35 PM] (140380) File or directory "/<default workspace root>" does not exist.
2024-12-13 19:49:35.282 [info] [Info  - 7:49:35 PM] (140380) No source files found.
2024-12-13 19:49:35.295 [info] [Info  - 7:49:35 PM] (140380) indexed(5) 1 files over 1 exec env
2024-12-13 19:49:35.308 [info] [Info  - 7:49:35 PM] (140380) Setting environmentName for service "ML-From-Scratch": "3.10.14 (env_hack venv)"
2024-12-13 19:49:35.308 [info] [Info  - 7:49:35 PM] (140380) Setting pythonPath for service "ML-From-Scratch": "/home/understressengineer/programming/ML-From-Scratch"
2024-12-13 19:49:35.308 [info] [Info  - 7:49:35 PM] (140380) No include entries specified; assuming /home/understressengineer/programming/ML-From-Scratch
2024-12-13 19:49:35.308 [info] [Info  - 7:49:35 PM] (140380) Auto-excluding **/node_modules
2024-12-13 19:49:35.308 [info] [Info  - 7:49:35 PM] (140380) Auto-excluding **/__pycache__
2024-12-13 19:49:35.308 [info] [Info  - 7:49:35 PM] (140380) Auto-excluding **/.*
2024-12-13 19:49:36.120 [info] [Info  - 7:49:36 PM] (140380) Found 14 source files
2024-12-13 19:49:36.548 [info] [Info  - 7:49:36 PM] (140380) Indexing finished(5).
2024-12-13 19:49:37.319 [info] [Info  - 7:49:37 PM] (140380) Indexer background runner(6) root directory: file:///home/understressengineer/.vscode/extensions/ms-python.vscode-pylance-2024.12.1/dist (index)
2024-12-13 19:49:37.319 [info] [Info  - 7:49:37 PM] (140380) Indexing(6) started
2024-12-13 19:49:37.632 [info] [Info  - 7:49:37 PM] (140380) scanned(6) 1 files over 1 exec env
2024-12-13 19:49:37.942 [info] [Info  - 7:49:37 PM] (140380) indexed(6) 1 files over 1 exec env
2024-12-13 19:49:37.956 [info] [Info  - 7:49:37 PM] (140380) Indexing finished(6).
2024-12-13 19:54:10.926 [info] (Client) Pylance async client (2024.12.1) started with python extension (2024.22.0)
2024-12-13 19:54:11.723 [info] [Info  - 7:54:11 PM] (314546) Server root directory: file:///home/understressengineer/.vscode/extensions/ms-python.vscode-pylance-2024.12.1/dist
2024-12-13 19:54:11.723 [info] [Info  - 7:54:11 PM] (314546) Pylance language server 2024.12.1 (pyright version 1.1.389, commit ce1325fc) starting
2024-12-13 19:54:11.724 [info] [Info  - 7:54:11 PM] (314546) Starting service instance "ML-From-Scratch"
2024-12-13 19:54:11.793 [info] [Info  - 7:54:11 PM] (314546) Setting environmentName for service "ML-From-Scratch": "3.10.14 (env_hack venv)"
2024-12-13 19:54:11.793 [info] [Info  - 7:54:11 PM] (314546) Setting pythonPath for service "ML-From-Scratch": "/home/understressengineer/programming/env_hack/bin/python"
2024-12-13 19:54:11.794 [info] [Info  - 7:54:11 PM] (314546) No include entries specified; assuming /home/understressengineer/programming/ML-From-Scratch
2024-12-13 19:54:11.795 [info] [Info  - 7:54:11 PM] (314546) Auto-excluding **/node_modules
2024-12-13 19:54:11.795 [info] [Info  - 7:54:11 PM] (314546) Auto-excluding **/__pycache__
2024-12-13 19:54:11.795 [info] [Info  - 7:54:11 PM] (314546) Auto-excluding **/.*
2024-12-13 19:54:11.834 [info] [Info  - 7:54:11 PM] (314546) Assuming Python version 3.10.14.final.0
2024-12-13 19:54:13.120 [info] [Info  - 7:54:13 PM] (314546) Found 1 source file
2024-12-13 19:54:13.137 [info] [Info  - 7:54:13 PM] (314546) Background analysis(1) root directory: file:///home/understressengineer/.vscode/extensions/ms-python.vscode-pylance-2024.12.1/dist
2024-12-13 19:54:13.138 [info] [Info  - 7:54:13 PM] (314546) Background analysis(1) started
2024-12-14 17:06:54.115 [info] [Info  - 5:06:54 PM] (314546) Starting service instance "ML-From-Scratch"
2024-12-14 17:06:54.162 [info] [Info  - 5:06:54 PM] (314546) Setting environmentName for service "ML-From-Scratch": "3.10.14 (env_hack venv)"
2024-12-14 17:06:54.162 [info] [Info  - 5:06:54 PM] (314546) Setting pythonPath for service "ML-From-Scratch": "/home/understressengineer/programming/ML-From-Scratch"
2024-12-14 17:06:54.162 [info] [Info  - 5:06:54 PM] (314546) No include entries specified; assuming /home/understressengineer/programming/ML-From-Scratch
2024-12-14 17:06:54.162 [info] [Info  - 5:06:54 PM] (314546) Auto-excluding **/node_modules
2024-12-14 17:06:54.162 [info] [Info  - 5:06:54 PM] (314546) Auto-excluding **/__pycache__
2024-12-14 17:06:54.162 [info] [Info  - 5:06:54 PM] (314546) Auto-excluding **/.*
2024-12-14 17:06:55.190 [info] [Info  - 5:06:55 PM] (314546) Found 1 source file
2024-12-14 17:06:55.556 [info] [Info  - 5:06:55 PM] (314546) Background analysis(2) root directory: file:///home/understressengineer/.vscode/extensions/ms-python.vscode-pylance-2024.12.1/dist
2024-12-14 17:06:55.566 [info] [Info  - 5:06:55 PM] (314546) Background analysis(2) started
2024-12-14 17:06:55.683 [info] [Info  - 5:06:55 PM] (314546) Setting environmentName for service "ML-From-Scratch": "3.10.14 (env_hack venv)"
2024-12-14 17:06:55.683 [info] [Info  - 5:06:55 PM] (314546) Setting pythonPath for service "ML-From-Scratch": "/home/understressengineer/programming/env_hack/bin/python"
2024-12-14 17:06:55.683 [info] [Info  - 5:06:55 PM] (314546) No include entries specified; assuming /home/understressengineer/programming/ML-From-Scratch
2024-12-14 17:06:55.683 [info] [Info  - 5:06:55 PM] (314546) Auto-excluding **/node_modules
2024-12-14 17:06:55.684 [info] [Info  - 5:06:55 PM] (314546) Auto-excluding **/__pycache__
2024-12-14 17:06:55.684 [info] [Info  - 5:06:55 PM] (314546) Auto-excluding **/.*
2024-12-14 17:06:55.771 [info] [Info  - 5:06:55 PM] (314546) Assuming Python version 3.10.14.final.0
2024-12-14 17:06:56.709 [info] [Info  - 5:06:56 PM] (314546) Found 1 source file
2024-12-14 17:06:56.719 [info] [Info  - 5:06:56 PM] (314546) Indexer background runner(3) root directory: file:///home/understressengineer/.vscode/extensions/ms-python.vscode-pylance-2024.12.1/dist (index)
2024-12-14 17:06:56.719 [info] [Info  - 5:06:56 PM] (314546) Indexing(3) started
2024-12-14 17:06:56.719 [info] [Info  - 5:06:56 PM] (314546) scanned(3) 1 files over 1 exec env
2024-12-14 17:06:56.800 [info] [Info  - 5:06:56 PM] (314546) Setting environmentName for service "ML-From-Scratch": "3.10.14 (env_hack venv)"
2024-12-14 17:06:56.800 [info] [Info  - 5:06:56 PM] (314546) Setting pythonPath for service "ML-From-Scratch": "/home/understressengineer/programming/ML-From-Scratch"
2024-12-14 17:06:56.800 [info] [Info  - 5:06:56 PM] (314546) No include entries specified; assuming /home/understressengineer/programming/ML-From-Scratch
2024-12-14 17:06:56.800 [info] [Info  - 5:06:56 PM] (314546) Auto-excluding **/node_modules
2024-12-14 17:06:56.800 [info] [Info  - 5:06:56 PM] (314546) Auto-excluding **/__pycache__
2024-12-14 17:06:56.800 [info] [Info  - 5:06:56 PM] (314546) Auto-excluding **/.*
2024-12-14 17:06:57.341 [info] [Info  - 5:06:57 PM] (314546) Found 14 source files
2024-12-14 17:06:57.342 [info] [Info  - 5:06:57 PM] (314546) Starting service instance "<default>"
2024-12-14 17:06:57.534 [info] [Info  - 5:06:57 PM] (314546) indexed(3) 1 files over 1 exec env
2024-12-14 17:06:57.614 [info] [Info  - 5:06:57 PM] (314546) Setting environmentName for service "<default>": "3.10.14 (env_hack venv)"
2024-12-14 17:06:57.616 [info] [Info  - 5:06:57 PM] (314546) Setting pythonPath for service "<default>": "/home/understressengineer/programming/env_hack/bin/python"
2024-12-14 17:06:57.616 [info] [Info  - 5:06:57 PM] (314546) No include entries specified; assuming /<default workspace root>
2024-12-14 17:06:57.616 [info] [Info  - 5:06:57 PM] (314546) Auto-excluding **/node_modules
2024-12-14 17:06:57.616 [info] [Info  - 5:06:57 PM] (314546) Auto-excluding **/__pycache__
2024-12-14 17:06:57.616 [info] [Info  - 5:06:57 PM] (314546) Auto-excluding **/.*
2024-12-14 17:06:57.645 [info] [Info  - 5:06:57 PM] (314546) Assuming Python version 3.10.14.final.0
2024-12-14 17:06:57.728 [info] [Error - 5:06:57 PM] (314546) File or directory "/<default workspace root>" does not exist.
2024-12-14 17:06:57.730 [info] [Info  - 5:06:57 PM] (314546) No source files found.
2024-12-14 17:06:57.776 [info] [Info  - 5:06:57 PM] (314546) scanned(3) 1 files over 1 exec env
2024-12-14 17:06:57.898 [info] [Info  - 5:06:57 PM] (314546) indexed(3) 1 files over 1 exec env
2024-12-14 17:06:57.911 [info] [Info  - 5:06:57 PM] (314546) Indexing finished(3).
2024-12-14 17:06:58.224 [info] [Info  - 5:06:58 PM] (314546) Background analysis(4) root directory: file:///home/understressengineer/.vscode/extensions/ms-python.vscode-pylance-2024.12.1/dist
2024-12-14 17:06:58.227 [info] [Info  - 5:06:58 PM] (314546) Background analysis(4) started
