2024-12-13 12:21:14.408 [info] Reading sessions from keychain...
2024-12-13 12:21:14.408 [info] Getting sessions for all scopes...
2024-12-13 12:21:14.408 [info] Getting sessions for all scopes...
2024-12-13 12:21:14.408 [info] Got stored sessions!
2024-12-13 12:21:14.408 [info] Got 2 verified sessions.
2024-12-13 12:21:14.408 [info] Got 2 sessions for ...
2024-12-13 12:21:14.408 [info] Got 2 sessions for ...
2024-12-13 12:21:14.408 [info] Getting sessions for all scopes...
2024-12-13 12:21:14.408 [info] Got 2 sessions for ...
2024-12-13 12:21:14.408 [info] Getting sessions for all scopes...
2024-12-13 12:21:14.408 [info] Got 2 sessions for ...
2024-12-13 12:21:14.408 [info] Getting sessions for all scopes...
2024-12-13 12:21:14.408 [info] Got 2 sessions for ...
2024-12-13 12:21:14.408 [info] Getting sessions for all scopes...
2024-12-13 12:21:14.408 [info] Got 2 sessions for ...
2024-12-13 12:21:14.408 [info] Getting sessions for all scopes...
2024-12-13 12:21:14.408 [info] Got 2 sessions for ...
2024-12-13 12:21:19.065 [info] Getting sessions for all scopes...
2024-12-13 12:21:19.065 [info] Got 2 sessions for ...
2024-12-13 12:21:20.308 [info] Getting sessions for all scopes...
2024-12-13 12:21:20.308 [info] Got 2 sessions for ...
2024-12-13 12:21:21.011 [info] Getting sessions for read:user,repo,user:email,workflow...
2024-12-13 12:21:21.011 [info] Got 1 sessions for read:user,repo,user:email,workflow...
2024-12-13 12:21:21.012 [info] Getting sessions for all scopes...
2024-12-13 12:21:21.012 [info] Got 2 sessions for ...
2024-12-13 12:21:21.012 [info] Getting sessions for all scopes...
2024-12-13 12:21:21.012 [info] Got 2 sessions for ...
2024-12-13 12:21:21.337 [info] Getting sessions for project,read:org,read:user,repo,user:email,workflow...
2024-12-13 12:21:21.337 [info] Got 0 sessions for project,read:org,read:user,repo,user:email,workflow...
2024-12-13 12:21:22.090 [info] Getting sessions for read:user,repo,user:email,workflow...
2024-12-13 12:21:22.090 [info] Got 1 sessions for read:user,repo,user:email,workflow...
2024-12-13 12:21:22.208 [info] Getting sessions for read:user,repo,user:email,workflow...
2024-12-13 12:21:22.208 [info] Got 1 sessions for read:user,repo,user:email,workflow...
2024-12-13 12:21:24.463 [info] Getting sessions for all scopes...
2024-12-13 12:21:24.463 [info] Got 2 sessions for ...
2024-12-13 12:21:24.463 [info] Getting sessions for all scopes...
2024-12-13 12:21:24.463 [info] Got 2 sessions for ...
2024-12-13 12:21:24.811 [info] Getting sessions for read:user,repo,user:email,workflow...
2024-12-13 12:21:24.811 [info] Got 1 sessions for read:user,repo,user:email,workflow...
2024-12-13 12:21:24.964 [info] Getting sessions for read:user,repo,user:email,workflow...
2024-12-13 12:21:24.964 [info] Got 1 sessions for read:user,repo,user:email,workflow...
2024-12-13 12:21:26.209 [info] Getting sessions for read:user,repo,user:email,workflow...
2024-12-13 12:21:26.209 [info] Got 1 sessions for read:user,repo,user:email,workflow...
2024-12-13 12:21:26.679 [info] Getting sessions for all scopes...
2024-12-13 12:21:26.679 [info] Got 2 sessions for ...
2024-12-13 12:21:26.679 [info] Getting sessions for all scopes...
2024-12-13 12:21:26.679 [info] Got 2 sessions for ...
2024-12-13 12:21:28.056 [info] Getting sessions for read:user,repo,user:email,workflow...
2024-12-13 12:21:28.056 [info] Got 1 sessions for read:user,repo,user:email,workflow...
2024-12-13 12:21:28.078 [info] Getting sessions for all scopes...
2024-12-13 12:21:28.079 [info] Got 2 sessions for ...
2024-12-13 12:21:28.080 [info] Getting sessions for read:user,repo,user:email,workflow...
2024-12-13 12:21:28.080 [info] Got 1 sessions for read:user,repo,user:email,workflow...
2024-12-13 12:21:28.233 [info] Getting sessions for all scopes...
2024-12-13 12:21:28.233 [info] Got 2 sessions for ...
2024-12-13 12:21:28.255 [info] Getting sessions for read:user,repo,user:email,workflow...
2024-12-13 12:21:28.255 [info] Got 1 sessions for read:user,repo,user:email,workflow...
2024-12-13 12:21:29.886 [info] Getting sessions for all scopes...
2024-12-13 12:21:29.886 [info] Got 2 sessions for ...
2024-12-13 12:21:29.908 [info] Getting sessions for read:user,repo,user:email,workflow...
2024-12-13 12:21:29.908 [info] Got 1 sessions for read:user,repo,user:email,workflow...
2024-12-13 12:21:30.744 [info] Getting sessions for user:email...
2024-12-13 12:21:30.744 [info] Got 1 sessions for user:email...
2024-12-13 12:21:49.983 [info] Getting sessions for all scopes...
2024-12-13 12:21:49.983 [info] Got 2 sessions for ...
2024-12-13 12:21:50.001 [info] Getting sessions for read:user,repo,user:email,workflow...
2024-12-13 12:21:50.001 [info] Got 1 sessions for read:user,repo,user:email,workflow...
2024-12-13 12:36:30.408 [info] Getting sessions for all scopes...
2024-12-13 12:36:30.408 [info] Got 2 sessions for ...
2024-12-13 12:36:30.412 [info] Getting sessions for read:user,repo,user:email,workflow...
2024-12-13 12:36:30.412 [info] Got 1 sessions for read:user,repo,user:email,workflow...
2024-12-13 12:36:30.417 [info] Getting sessions for all scopes...
2024-12-13 12:36:30.417 [info] Got 2 sessions for ...
2024-12-13 12:36:30.421 [info] Getting sessions for read:user,repo,user:email,workflow...
2024-12-13 12:36:30.421 [info] Got 1 sessions for read:user,repo,user:email,workflow...
2024-12-13 12:46:25.719 [info] Getting sessions for read:user,repo,user:email,workflow...
2024-12-13 12:46:25.719 [info] Got 1 sessions for read:user,repo,user:email,workflow...
2024-12-13 12:46:26.636 [info] Getting sessions for all scopes...
2024-12-13 12:46:26.636 [info] Got 2 sessions for ...
2024-12-13 12:46:26.640 [info] Getting sessions for read:user,repo,user:email,workflow...
2024-12-13 12:46:26.640 [info] Got 1 sessions for read:user,repo,user:email,workflow...
2024-12-13 12:46:27.599 [info] Getting sessions for all scopes...
2024-12-13 12:46:27.599 [info] Got 2 sessions for ...
2024-12-13 12:46:27.600 [info] Getting sessions for all scopes...
2024-12-13 12:46:27.600 [info] Got 2 sessions for ...
2024-12-13 12:46:27.603 [info] Getting sessions for read:user,repo,user:email,workflow...
2024-12-13 12:46:27.603 [info] Got 1 sessions for read:user,repo,user:email,workflow...
2024-12-13 12:46:27.608 [info] Getting sessions for all scopes...
2024-12-13 12:46:27.608 [info] Got 2 sessions for ...
2024-12-13 12:46:27.612 [info] Getting sessions for read:user,repo,user:email,workflow...
2024-12-13 12:46:27.612 [info] Got 1 sessions for read:user,repo,user:email,workflow...
2024-12-13 12:46:27.638 [info] Getting sessions for all scopes...
2024-12-13 12:46:27.638 [info] Got 2 sessions for ...
2024-12-13 12:46:27.642 [info] Getting sessions for read:user,repo,user:email,workflow...
2024-12-13 12:46:27.642 [info] Got 1 sessions for read:user,repo,user:email,workflow...
2024-12-13 14:50:16.155 [info] Reading sessions from keychain...
2024-12-13 14:50:16.155 [info] Getting sessions for all scopes...
2024-12-13 14:50:16.155 [info] Getting sessions for all scopes...
2024-12-13 14:50:16.155 [info] Got stored sessions!
2024-12-13 14:50:16.155 [info] Got 2 verified sessions.
2024-12-13 14:50:16.155 [info] Got 2 sessions for ...
2024-12-13 14:50:16.155 [info] Got 2 sessions for ...
2024-12-13 14:50:16.155 [info] Getting sessions for all scopes...
2024-12-13 14:50:16.155 [info] Got 2 sessions for ...
2024-12-13 14:50:16.155 [info] Getting sessions for all scopes...
2024-12-13 14:50:16.155 [info] Got 2 sessions for ...
2024-12-13 14:50:16.155 [info] Getting sessions for all scopes...
2024-12-13 14:50:16.155 [info] Got 2 sessions for ...
2024-12-13 14:50:16.155 [info] Getting sessions for all scopes...
2024-12-13 14:50:16.155 [info] Got 2 sessions for ...
2024-12-13 14:50:16.155 [info] Getting sessions for all scopes...
2024-12-13 14:50:16.155 [info] Got 2 sessions for ...
2024-12-13 14:50:19.564 [info] Getting sessions for read:user,repo,user:email,workflow...
2024-12-13 14:50:19.564 [info] Got 1 sessions for read:user,repo,user:email,workflow...
2024-12-13 14:50:19.564 [info] Getting sessions for all scopes...
2024-12-13 14:50:19.564 [info] Got 2 sessions for ...
2024-12-13 14:50:19.566 [info] Getting sessions for all scopes...
2024-12-13 14:50:19.566 [info] Got 2 sessions for ...
2024-12-13 14:50:20.070 [info] Getting sessions for project,read:org,read:user,repo,user:email,workflow...
2024-12-13 14:50:20.070 [info] Got 0 sessions for project,read:org,read:user,repo,user:email,workflow...
2024-12-13 14:50:20.171 [info] Getting sessions for read:user,repo,user:email,workflow...
2024-12-13 14:50:20.171 [info] Got 1 sessions for read:user,repo,user:email,workflow...
2024-12-13 14:50:20.232 [info] Getting sessions for read:user,repo,user:email,workflow...
2024-12-13 14:50:20.232 [info] Got 1 sessions for read:user,repo,user:email,workflow...
2024-12-13 14:50:20.366 [info] Getting sessions for all scopes...
2024-12-13 14:50:20.366 [info] Got 2 sessions for ...
2024-12-13 14:50:21.799 [info] Getting sessions for read:user,repo,user:email,workflow...
2024-12-13 14:50:21.799 [info] Got 1 sessions for read:user,repo,user:email,workflow...
2024-12-13 14:50:21.862 [info] Getting sessions for all scopes...
2024-12-13 14:50:21.862 [info] Got 2 sessions for ...
2024-12-13 14:50:21.896 [info] Getting sessions for read:user,repo,user:email,workflow...
2024-12-13 14:50:21.896 [info] Got 1 sessions for read:user,repo,user:email,workflow...
2024-12-13 14:50:23.423 [info] Getting sessions for all scopes...
2024-12-13 14:50:23.423 [info] Got 2 sessions for ...
2024-12-13 14:50:23.423 [info] Getting sessions for all scopes...
2024-12-13 14:50:23.423 [info] Got 2 sessions for ...
2024-12-13 14:50:23.472 [info] Getting sessions for read:user,repo,user:email,workflow...
2024-12-13 14:50:23.473 [info] Got 1 sessions for read:user,repo,user:email,workflow...
2024-12-13 14:50:23.533 [info] Getting sessions for all scopes...
2024-12-13 14:50:23.533 [info] Got 2 sessions for ...
2024-12-13 14:50:23.600 [info] Getting sessions for read:user,repo,user:email,workflow...
2024-12-13 14:50:23.600 [info] Got 1 sessions for read:user,repo,user:email,workflow...
2024-12-13 14:50:23.683 [info] Getting sessions for all scopes...
2024-12-13 14:50:23.683 [info] Got 2 sessions for ...
2024-12-13 14:50:23.724 [info] Getting sessions for read:user,repo,user:email,workflow...
2024-12-13 14:50:23.724 [info] Got 1 sessions for read:user,repo,user:email,workflow...
2024-12-13 14:50:25.188 [info] Getting sessions for all scopes...
2024-12-13 14:50:25.188 [info] Got 2 sessions for ...
2024-12-13 14:50:25.189 [info] Getting sessions for read:user,repo,user:email,workflow...
2024-12-13 14:50:25.189 [info] Got 1 sessions for read:user,repo,user:email,workflow...
2024-12-13 14:50:52.159 [info] Getting sessions for user:email...
2024-12-13 14:50:52.159 [info] Got 1 sessions for user:email...
2024-12-13 14:53:08.021 [info] Getting sessions for all scopes...
2024-12-13 14:53:08.021 [info] Got 2 sessions for ...
2024-12-13 15:05:25.198 [info] Getting sessions for all scopes...
2024-12-13 15:05:25.198 [info] Got 2 sessions for ...
2024-12-13 15:05:25.208 [info] Getting sessions for read:user,repo,user:email,workflow...
2024-12-13 15:05:25.208 [info] Got 1 sessions for read:user,repo,user:email,workflow...
2024-12-13 15:05:25.209 [info] Getting sessions for all scopes...
2024-12-13 15:05:25.209 [info] Got 2 sessions for ...
2024-12-13 15:05:25.210 [info] Getting sessions for read:user,repo,user:email,workflow...
2024-12-13 15:05:25.210 [info] Got 1 sessions for read:user,repo,user:email,workflow...
2024-12-13 15:08:15.759 [info] Getting sessions for all scopes...
2024-12-13 15:08:15.759 [info] Got 2 sessions for ...
2024-12-13 15:15:22.273 [info] Getting sessions for read:user,repo,user:email,workflow...
2024-12-13 15:15:22.273 [info] Got 1 sessions for read:user,repo,user:email,workflow...
2024-12-13 15:15:22.689 [info] Getting sessions for all scopes...
2024-12-13 15:15:22.689 [info] Got 2 sessions for ...
2024-12-13 15:15:22.690 [info] Getting sessions for read:user,repo,user:email,workflow...
2024-12-13 15:15:22.690 [info] Got 1 sessions for read:user,repo,user:email,workflow...
2024-12-13 15:15:23.502 [info] Getting sessions for all scopes...
2024-12-13 15:15:23.502 [info] Got 2 sessions for ...
2024-12-13 15:15:23.502 [info] Getting sessions for all scopes...
2024-12-13 15:15:23.502 [info] Got 2 sessions for ...
2024-12-13 15:15:23.503 [info] Getting sessions for read:user,repo,user:email,workflow...
2024-12-13 15:15:23.503 [info] Got 1 sessions for read:user,repo,user:email,workflow...
2024-12-13 15:15:23.504 [info] Getting sessions for all scopes...
2024-12-13 15:15:23.504 [info] Got 2 sessions for ...
2024-12-13 15:15:23.504 [info] Getting sessions for read:user,repo,user:email,workflow...
2024-12-13 15:15:23.504 [info] Got 1 sessions for read:user,repo,user:email,workflow...
2024-12-13 15:15:23.508 [info] Getting sessions for all scopes...
2024-12-13 15:15:23.508 [info] Got 2 sessions for ...
2024-12-13 15:15:23.509 [info] Getting sessions for read:user,repo,user:email,workflow...
2024-12-13 15:15:23.509 [info] Got 1 sessions for read:user,repo,user:email,workflow...
2024-12-13 15:30:23.512 [info] Getting sessions for all scopes...
2024-12-13 15:30:23.512 [info] Got 2 sessions for ...
2024-12-13 15:30:23.513 [info] Getting sessions for read:user,repo,user:email,workflow...
2024-12-13 15:30:23.513 [info] Got 1 sessions for read:user,repo,user:email,workflow...
2024-12-13 15:30:23.514 [info] Getting sessions for all scopes...
2024-12-13 15:30:23.514 [info] Got 2 sessions for ...
2024-12-13 15:30:23.515 [info] Getting sessions for read:user,repo,user:email,workflow...
2024-12-13 15:30:23.515 [info] Got 1 sessions for read:user,repo,user:email,workflow...
2024-12-13 15:40:22.943 [info] Getting sessions for read:user,repo,user:email,workflow...
2024-12-13 15:40:22.943 [info] Got 1 sessions for read:user,repo,user:email,workflow...
2024-12-13 15:40:23.502 [info] Getting sessions for all scopes...
2024-12-13 15:40:23.503 [info] Got 2 sessions for ...
2024-12-13 15:40:23.504 [info] Getting sessions for read:user,repo,user:email,workflow...
2024-12-13 15:40:23.504 [info] Got 1 sessions for read:user,repo,user:email,workflow...
2024-12-13 15:40:24.358 [info] Getting sessions for all scopes...
2024-12-13 15:40:24.358 [info] Got 2 sessions for ...
2024-12-13 15:40:24.358 [info] Getting sessions for all scopes...
2024-12-13 15:40:24.358 [info] Got 2 sessions for ...
2024-12-13 15:40:24.358 [info] Getting sessions for read:user,repo,user:email,workflow...
2024-12-13 15:40:24.358 [info] Got 1 sessions for read:user,repo,user:email,workflow...
2024-12-13 15:40:24.359 [info] Getting sessions for all scopes...
2024-12-13 15:40:24.359 [info] Got 2 sessions for ...
2024-12-13 15:40:24.360 [info] Getting sessions for read:user,repo,user:email,workflow...
2024-12-13 15:40:24.360 [info] Got 1 sessions for read:user,repo,user:email,workflow...
2024-12-13 15:40:24.362 [info] Getting sessions for all scopes...
2024-12-13 15:40:24.362 [info] Got 2 sessions for ...
2024-12-13 15:40:24.363 [info] Getting sessions for read:user,repo,user:email,workflow...
2024-12-13 15:40:24.363 [info] Got 1 sessions for read:user,repo,user:email,workflow...
2024-12-13 15:55:24.366 [info] Getting sessions for all scopes...
2024-12-13 15:55:24.366 [info] Got 2 sessions for ...
2024-12-13 15:55:24.368 [info] Getting sessions for read:user,repo,user:email,workflow...
2024-12-13 15:55:24.368 [info] Got 1 sessions for read:user,repo,user:email,workflow...
2024-12-13 15:55:24.369 [info] Getting sessions for all scopes...
2024-12-13 15:55:24.369 [info] Got 2 sessions for ...
2024-12-13 15:55:24.370 [info] Getting sessions for read:user,repo,user:email,workflow...
2024-12-13 15:55:24.371 [info] Got 1 sessions for read:user,repo,user:email,workflow...
2024-12-13 16:05:23.751 [info] Getting sessions for read:user,repo,user:email,workflow...
2024-12-13 16:05:23.751 [info] Got 1 sessions for read:user,repo,user:email,workflow...
2024-12-13 16:05:24.361 [info] Getting sessions for all scopes...
2024-12-13 16:05:24.361 [info] Got 2 sessions for ...
2024-12-13 16:05:24.366 [info] Getting sessions for read:user,repo,user:email,workflow...
2024-12-13 16:05:24.367 [info] Got 1 sessions for read:user,repo,user:email,workflow...
2024-12-13 16:05:25.060 [info] Getting sessions for all scopes...
2024-12-13 16:05:25.060 [info] Got 2 sessions for ...
2024-12-13 16:05:25.061 [info] Getting sessions for all scopes...
2024-12-13 16:05:25.061 [info] Got 2 sessions for ...
2024-12-13 16:05:25.065 [info] Getting sessions for read:user,repo,user:email,workflow...
2024-12-13 16:05:25.065 [info] Got 1 sessions for read:user,repo,user:email,workflow...
2024-12-13 16:05:25.069 [info] Getting sessions for all scopes...
2024-12-13 16:05:25.069 [info] Got 2 sessions for ...
2024-12-13 16:05:25.077 [info] Getting sessions for read:user,repo,user:email,workflow...
2024-12-13 16:05:25.077 [info] Got 1 sessions for read:user,repo,user:email,workflow...
2024-12-13 16:05:25.089 [info] Getting sessions for all scopes...
2024-12-13 16:05:25.089 [info] Got 2 sessions for ...
2024-12-13 16:05:25.093 [info] Getting sessions for read:user,repo,user:email,workflow...
2024-12-13 16:05:25.093 [info] Got 1 sessions for read:user,repo,user:email,workflow...
2024-12-13 16:35:53.172 [info] Getting sessions for all scopes...
2024-12-13 16:35:53.172 [info] Got 2 sessions for ...
2024-12-13 16:35:53.176 [info] Getting sessions for read:user,repo,user:email,workflow...
2024-12-13 16:35:53.176 [info] Got 1 sessions for read:user,repo,user:email,workflow...
2024-12-13 16:35:53.182 [info] Getting sessions for all scopes...
2024-12-13 16:35:53.182 [info] Got 2 sessions for ...
2024-12-13 16:35:53.186 [info] Getting sessions for read:user,repo,user:email,workflow...
2024-12-13 16:35:53.186 [info] Got 1 sessions for read:user,repo,user:email,workflow...
2024-12-13 16:35:54.162 [info] Getting sessions for all scopes...
2024-12-13 16:35:54.162 [info] Got 2 sessions for ...
2024-12-13 16:35:54.162 [info] Getting sessions for all scopes...
2024-12-13 16:35:54.163 [info] Got 2 sessions for ...
2024-12-13 16:35:54.166 [info] Getting sessions for read:user,repo,user:email,workflow...
2024-12-13 16:35:54.166 [info] Got 1 sessions for read:user,repo,user:email,workflow...
2024-12-13 16:35:54.172 [info] Getting sessions for all scopes...
2024-12-13 16:35:54.172 [info] Got 2 sessions for ...
2024-12-13 16:35:54.176 [info] Getting sessions for read:user,repo,user:email,workflow...
2024-12-13 16:35:54.176 [info] Got 1 sessions for read:user,repo,user:email,workflow...
2024-12-13 16:35:54.183 [info] Getting sessions for all scopes...
2024-12-13 16:35:54.183 [info] Got 2 sessions for ...
2024-12-13 16:35:54.188 [info] Getting sessions for read:user,repo,user:email,workflow...
2024-12-13 16:35:54.188 [info] Got 1 sessions for read:user,repo,user:email,workflow...
2024-12-13 16:35:55.545 [info] Getting sessions for all scopes...
2024-12-13 16:35:55.545 [info] Got 2 sessions for ...
2024-12-13 16:35:55.550 [info] Getting sessions for read:user,repo,user:email,workflow...
2024-12-13 16:35:55.550 [info] Got 1 sessions for read:user,repo,user:email,workflow...
2024-12-13 16:47:04.927 [info] Getting sessions for read:user,repo,user:email,workflow...
2024-12-13 16:47:04.928 [info] Got 1 sessions for read:user,repo,user:email,workflow...
2024-12-13 16:52:08.956 [info] Getting sessions for all scopes...
2024-12-13 16:52:08.956 [info] Got 2 sessions for ...
2024-12-13 16:52:08.960 [info] Getting sessions for read:user,repo,user:email,workflow...
2024-12-13 16:52:08.960 [info] Got 1 sessions for read:user,repo,user:email,workflow...
2024-12-13 16:52:08.965 [info] Getting sessions for all scopes...
2024-12-13 16:52:08.965 [info] Got 2 sessions for ...
2024-12-13 16:52:08.968 [info] Getting sessions for read:user,repo,user:email,workflow...
2024-12-13 16:52:08.969 [info] Got 1 sessions for read:user,repo,user:email,workflow...
2024-12-13 19:43:40.440 [info] Getting sessions for read:user,repo,user:email,workflow...
2024-12-13 19:43:40.440 [info] Got 1 sessions for read:user,repo,user:email,workflow...
2024-12-13 19:47:26.442 [info] Getting sessions for all scopes...
2024-12-13 19:47:26.442 [info] Got 2 sessions for ...
2024-12-13 19:47:26.444 [info] Getting sessions for read:user,repo,user:email,workflow...
2024-12-13 19:47:26.444 [info] Got 1 sessions for read:user,repo,user:email,workflow...
2024-12-13 19:47:27.494 [info] Getting sessions for all scopes...
2024-12-13 19:47:27.494 [info] Got 2 sessions for ...
2024-12-13 19:47:27.495 [info] Getting sessions for all scopes...
2024-12-13 19:47:27.495 [info] Got 2 sessions for ...
2024-12-13 19:47:27.498 [info] Getting sessions for read:user,repo,user:email,workflow...
2024-12-13 19:47:27.498 [info] Got 1 sessions for read:user,repo,user:email,workflow...
2024-12-13 19:47:27.502 [info] Getting sessions for all scopes...
2024-12-13 19:47:27.502 [info] Got 2 sessions for ...
2024-12-13 19:47:27.507 [info] Getting sessions for read:user,repo,user:email,workflow...
2024-12-13 19:47:27.507 [info] Got 1 sessions for read:user,repo,user:email,workflow...
2024-12-13 19:47:27.525 [info] Getting sessions for all scopes...
2024-12-13 19:47:27.525 [info] Got 2 sessions for ...
2024-12-13 19:47:27.529 [info] Getting sessions for read:user,repo,user:email,workflow...
2024-12-13 19:47:27.529 [info] Got 1 sessions for read:user,repo,user:email,workflow...
2024-12-13 19:47:27.540 [info] Getting sessions for all scopes...
2024-12-13 19:47:27.540 [info] Got 2 sessions for ...
2024-12-13 19:47:27.544 [info] Getting sessions for read:user,repo,user:email,workflow...
2024-12-13 19:47:27.544 [info] Got 1 sessions for read:user,repo,user:email,workflow...
2024-12-13 19:53:58.393 [info] Reading sessions from keychain...
2024-12-13 19:53:58.393 [info] Getting sessions for all scopes...
2024-12-13 19:53:58.393 [info] Getting sessions for all scopes...
2024-12-13 19:53:58.393 [info] Getting sessions for all scopes...
2024-12-13 19:53:58.393 [info] Got stored sessions!
2024-12-13 19:53:58.393 [info] Got 2 verified sessions.
2024-12-13 19:53:58.393 [info] Got 2 sessions for ...
2024-12-13 19:53:58.393 [info] Got 2 sessions for ...
2024-12-13 19:53:58.393 [info] Got 2 sessions for ...
2024-12-13 19:53:58.393 [info] Getting sessions for all scopes...
2024-12-13 19:53:58.393 [info] Got 2 sessions for ...
2024-12-13 19:53:58.393 [info] Getting sessions for all scopes...
2024-12-13 19:53:58.393 [info] Got 2 sessions for ...
2024-12-13 19:53:58.393 [info] Getting sessions for all scopes...
2024-12-13 19:53:58.393 [info] Got 2 sessions for ...
2024-12-13 19:53:58.393 [info] Getting sessions for all scopes...
2024-12-13 19:53:58.393 [info] Got 2 sessions for ...
2024-12-13 19:53:58.393 [info] Getting sessions for all scopes...
2024-12-13 19:53:58.393 [info] Got 2 sessions for ...
2024-12-13 19:54:04.615 [info] Getting sessions for read:user,repo,user:email,workflow...
2024-12-13 19:54:04.615 [info] Got 1 sessions for read:user,repo,user:email,workflow...
2024-12-13 19:54:04.616 [info] Getting sessions for all scopes...
2024-12-13 19:54:04.616 [info] Got 2 sessions for ...
2024-12-13 19:54:04.616 [info] Getting sessions for all scopes...
2024-12-13 19:54:04.616 [info] Got 2 sessions for ...
2024-12-13 19:54:04.819 [info] Getting sessions for project,read:org,read:user,repo,user:email,workflow...
2024-12-13 19:54:04.819 [info] Got 0 sessions for project,read:org,read:user,repo,user:email,workflow...
2024-12-13 19:54:05.658 [info] Getting sessions for read:user,repo,user:email,workflow...
2024-12-13 19:54:05.659 [info] Got 1 sessions for read:user,repo,user:email,workflow...
2024-12-13 19:54:05.706 [info] Getting sessions for read:user,repo,user:email,workflow...
2024-12-13 19:54:05.706 [info] Got 1 sessions for read:user,repo,user:email,workflow...
2024-12-13 19:54:05.868 [info] Getting sessions for all scopes...
2024-12-13 19:54:05.868 [info] Got 2 sessions for ...
2024-12-13 19:54:05.868 [info] Getting sessions for all scopes...
2024-12-13 19:54:05.868 [info] Got 2 sessions for ...
2024-12-13 19:54:08.014 [info] Getting sessions for read:user,repo,user:email,workflow...
2024-12-13 19:54:08.014 [info] Got 1 sessions for read:user,repo,user:email,workflow...
2024-12-13 19:54:09.302 [info] Getting sessions for all scopes...
2024-12-13 19:54:09.302 [info] Got 2 sessions for ...
2024-12-13 19:54:09.302 [info] Getting sessions for all scopes...
2024-12-13 19:54:09.302 [info] Got 2 sessions for ...
2024-12-13 19:54:10.447 [info] Getting sessions for read:user,repo,user:email,workflow...
2024-12-13 19:54:10.447 [info] Got 1 sessions for read:user,repo,user:email,workflow...
2024-12-13 19:54:10.470 [info] Getting sessions for all scopes...
2024-12-13 19:54:10.471 [info] Got 2 sessions for ...
2024-12-13 19:54:10.472 [info] Getting sessions for read:user,repo,user:email,workflow...
2024-12-13 19:54:10.472 [info] Got 1 sessions for read:user,repo,user:email,workflow...
2024-12-13 19:54:10.552 [info] Getting sessions for all scopes...
2024-12-13 19:54:10.552 [info] Got 2 sessions for ...
2024-12-13 19:54:10.554 [info] Getting sessions for read:user,repo,user:email,workflow...
2024-12-13 19:54:10.554 [info] Got 1 sessions for read:user,repo,user:email,workflow...
2024-12-13 19:54:12.426 [info] Getting sessions for all scopes...
2024-12-13 19:54:12.426 [info] Got 2 sessions for ...
2024-12-13 19:54:12.437 [info] Getting sessions for read:user,repo,user:email,workflow...
2024-12-13 19:54:12.437 [info] Got 1 sessions for read:user,repo,user:email,workflow...
2024-12-13 19:54:29.313 [info] Getting sessions for user:email...
2024-12-13 19:54:29.313 [info] Got 1 sessions for user:email...
2024-12-13 19:56:42.748 [info] Getting sessions for all scopes...
2024-12-13 19:56:42.748 [info] Got 2 sessions for ...
2024-12-13 19:57:44.108 [info] Getting sessions for all scopes...
2024-12-13 19:57:44.108 [info] Got 2 sessions for ...
2024-12-13 20:09:12.445 [info] Getting sessions for all scopes...
2024-12-13 20:09:12.446 [info] Got 2 sessions for ...
2024-12-13 20:09:12.463 [info] Getting sessions for read:user,repo,user:email,workflow...
2024-12-13 20:09:12.463 [info] Got 1 sessions for read:user,repo,user:email,workflow...
2024-12-13 20:09:12.470 [info] Getting sessions for all scopes...
2024-12-13 20:09:12.470 [info] Got 2 sessions for ...
2024-12-13 20:09:12.475 [info] Getting sessions for read:user,repo,user:email,workflow...
2024-12-13 20:09:12.476 [info] Got 1 sessions for read:user,repo,user:email,workflow...
2024-12-13 20:19:08.700 [info] Getting sessions for read:user,repo,user:email,workflow...
2024-12-13 20:19:08.700 [info] Got 1 sessions for read:user,repo,user:email,workflow...
2024-12-13 20:19:08.917 [info] Getting sessions for all scopes...
2024-12-13 20:19:08.917 [info] Got 2 sessions for ...
2024-12-13 20:19:08.922 [info] Getting sessions for read:user,repo,user:email,workflow...
2024-12-13 20:19:08.922 [info] Got 1 sessions for read:user,repo,user:email,workflow...
2024-12-13 20:19:09.990 [info] Getting sessions for all scopes...
2024-12-13 20:19:09.991 [info] Got 2 sessions for ...
2024-12-13 20:19:09.992 [info] Getting sessions for all scopes...
2024-12-13 20:19:09.992 [info] Got 2 sessions for ...
2024-12-13 20:19:09.996 [info] Getting sessions for read:user,repo,user:email,workflow...
2024-12-13 20:19:09.996 [info] Got 1 sessions for read:user,repo,user:email,workflow...
2024-12-13 20:19:10.001 [info] Getting sessions for all scopes...
2024-12-13 20:19:10.001 [info] Got 2 sessions for ...
2024-12-13 20:19:10.006 [info] Getting sessions for read:user,repo,user:email,workflow...
2024-12-13 20:19:10.006 [info] Got 1 sessions for read:user,repo,user:email,workflow...
2024-12-13 20:19:10.021 [info] Getting sessions for all scopes...
2024-12-13 20:19:10.021 [info] Got 2 sessions for ...
2024-12-13 20:19:10.026 [info] Getting sessions for read:user,repo,user:email,workflow...
2024-12-13 20:19:10.026 [info] Got 1 sessions for read:user,repo,user:email,workflow...
2024-12-13 20:40:25.750 [info] Getting sessions for all scopes...
2024-12-13 20:40:25.750 [info] Got 2 sessions for ...
2024-12-13 20:40:25.754 [info] Getting sessions for read:user,repo,user:email,workflow...
2024-12-13 20:40:25.754 [info] Got 1 sessions for read:user,repo,user:email,workflow...
2024-12-13 20:40:25.759 [info] Getting sessions for all scopes...
2024-12-13 20:40:25.759 [info] Got 2 sessions for ...
2024-12-13 20:40:25.763 [info] Getting sessions for read:user,repo,user:email,workflow...
2024-12-13 20:40:25.763 [info] Got 1 sessions for read:user,repo,user:email,workflow...
2024-12-13 20:50:25.098 [info] Getting sessions for read:user,repo,user:email,workflow...
2024-12-13 20:50:25.098 [info] Got 1 sessions for read:user,repo,user:email,workflow...
2024-12-13 20:50:25.703 [info] Getting sessions for all scopes...
2024-12-13 20:50:25.703 [info] Got 2 sessions for ...
2024-12-13 20:50:25.709 [info] Getting sessions for read:user,repo,user:email,workflow...
2024-12-13 20:50:25.709 [info] Got 1 sessions for read:user,repo,user:email,workflow...
2024-12-13 20:50:26.587 [info] Getting sessions for all scopes...
2024-12-13 20:50:26.587 [info] Got 2 sessions for ...
2024-12-13 20:50:26.588 [info] Getting sessions for all scopes...
2024-12-13 20:50:26.588 [info] Got 2 sessions for ...
2024-12-13 20:50:26.591 [info] Getting sessions for read:user,repo,user:email,workflow...
2024-12-13 20:50:26.591 [info] Got 1 sessions for read:user,repo,user:email,workflow...
2024-12-13 20:50:26.596 [info] Getting sessions for all scopes...
2024-12-13 20:50:26.596 [info] Got 2 sessions for ...
2024-12-13 20:50:26.600 [info] Getting sessions for read:user,repo,user:email,workflow...
2024-12-13 20:50:26.600 [info] Got 1 sessions for read:user,repo,user:email,workflow...
2024-12-13 20:50:26.614 [info] Getting sessions for all scopes...
2024-12-13 20:50:26.614 [info] Got 2 sessions for ...
2024-12-13 20:50:26.618 [info] Getting sessions for read:user,repo,user:email,workflow...
2024-12-13 20:50:26.618 [info] Got 1 sessions for read:user,repo,user:email,workflow...
2024-12-13 21:05:27.503 [info] Getting sessions for all scopes...
2024-12-13 21:05:27.503 [info] Got 2 sessions for ...
2024-12-13 21:05:27.507 [info] Getting sessions for read:user,repo,user:email,workflow...
2024-12-13 21:05:27.507 [info] Got 1 sessions for read:user,repo,user:email,workflow...
2024-12-13 21:05:27.511 [info] Getting sessions for all scopes...
2024-12-13 21:05:27.512 [info] Got 2 sessions for ...
2024-12-13 21:05:27.515 [info] Getting sessions for read:user,repo,user:email,workflow...
2024-12-13 21:05:27.515 [info] Got 1 sessions for read:user,repo,user:email,workflow...
2024-12-14 09:12:07.029 [info] Getting sessions for read:user,repo,user:email,workflow...
2024-12-14 09:12:07.029 [info] Got 1 sessions for read:user,repo,user:email,workflow...
2024-12-14 09:12:07.759 [info] Getting sessions for all scopes...
2024-12-14 09:12:07.759 [info] Got 2 sessions for ...
2024-12-14 09:12:07.761 [info] Getting sessions for read:user,repo,user:email,workflow...
2024-12-14 09:12:07.761 [info] Got 1 sessions for read:user,repo,user:email,workflow...
2024-12-14 09:12:08.447 [info] Getting sessions for all scopes...
2024-12-14 09:12:08.448 [info] Got 2 sessions for ...
2024-12-14 09:12:08.448 [info] Getting sessions for all scopes...
2024-12-14 09:12:08.448 [info] Got 2 sessions for ...
2024-12-14 09:12:08.450 [info] Getting sessions for read:user,repo,user:email,workflow...
2024-12-14 09:12:08.450 [info] Got 1 sessions for read:user,repo,user:email,workflow...
2024-12-14 09:12:08.453 [info] Getting sessions for all scopes...
2024-12-14 09:12:08.453 [info] Got 2 sessions for ...
2024-12-14 09:12:08.455 [info] Getting sessions for read:user,repo,user:email,workflow...
2024-12-14 09:12:08.455 [info] Got 1 sessions for read:user,repo,user:email,workflow...
2024-12-14 09:12:08.461 [info] Getting sessions for all scopes...
2024-12-14 09:12:08.461 [info] Got 2 sessions for ...
2024-12-14 09:12:08.463 [info] Getting sessions for read:user,repo,user:email,workflow...
2024-12-14 09:12:08.463 [info] Got 1 sessions for read:user,repo,user:email,workflow...
2024-12-14 09:12:08.469 [info] Getting sessions for all scopes...
2024-12-14 09:12:08.469 [info] Got 2 sessions for ...
2024-12-14 09:12:08.471 [info] Getting sessions for read:user,repo,user:email,workflow...
2024-12-14 09:12:08.471 [info] Got 1 sessions for read:user,repo,user:email,workflow...
2024-12-14 09:27:10.206 [info] Getting sessions for all scopes...
2024-12-14 09:27:10.206 [info] Got 2 sessions for ...
2024-12-14 09:27:10.212 [info] Getting sessions for read:user,repo,user:email,workflow...
2024-12-14 09:27:10.212 [info] Got 1 sessions for read:user,repo,user:email,workflow...
2024-12-14 09:27:10.217 [info] Getting sessions for all scopes...
2024-12-14 09:27:10.218 [info] Got 2 sessions for ...
2024-12-14 09:27:10.222 [info] Getting sessions for read:user,repo,user:email,workflow...
2024-12-14 09:27:10.222 [info] Got 1 sessions for read:user,repo,user:email,workflow...
2024-12-14 09:37:08.193 [info] Getting sessions for read:user,repo,user:email,workflow...
2024-12-14 09:37:08.193 [info] Got 1 sessions for read:user,repo,user:email,workflow...
2024-12-14 09:37:08.855 [info] Getting sessions for all scopes...
2024-12-14 09:37:08.855 [info] Got 2 sessions for ...
2024-12-14 09:37:08.858 [info] Getting sessions for read:user,repo,user:email,workflow...
2024-12-14 09:37:08.858 [info] Got 1 sessions for read:user,repo,user:email,workflow...
2024-12-14 09:37:09.783 [info] Getting sessions for all scopes...
2024-12-14 09:37:09.783 [info] Got 2 sessions for ...
2024-12-14 09:37:09.784 [info] Getting sessions for all scopes...
2024-12-14 09:37:09.784 [info] Got 2 sessions for ...
2024-12-14 09:37:09.789 [info] Getting sessions for read:user,repo,user:email,workflow...
2024-12-14 09:37:09.789 [info] Got 1 sessions for read:user,repo,user:email,workflow...
2024-12-14 09:37:09.793 [info] Getting sessions for all scopes...
2024-12-14 09:37:09.793 [info] Got 2 sessions for ...
2024-12-14 09:37:09.797 [info] Getting sessions for read:user,repo,user:email,workflow...
2024-12-14 09:37:09.797 [info] Got 1 sessions for read:user,repo,user:email,workflow...
2024-12-14 09:37:09.810 [info] Getting sessions for all scopes...
2024-12-14 09:37:09.810 [info] Got 2 sessions for ...
2024-12-14 09:37:09.862 [info] Getting sessions for read:user,repo,user:email,workflow...
2024-12-14 09:37:09.863 [info] Got 1 sessions for read:user,repo,user:email,workflow...
2024-12-14 09:52:09.873 [info] Getting sessions for all scopes...
2024-12-14 09:52:09.873 [info] Got 2 sessions for ...
2024-12-14 09:52:09.879 [info] Getting sessions for read:user,repo,user:email,workflow...
2024-12-14 09:52:09.879 [info] Got 1 sessions for read:user,repo,user:email,workflow...
2024-12-14 09:52:09.883 [info] Getting sessions for all scopes...
2024-12-14 09:52:09.883 [info] Got 2 sessions for ...
2024-12-14 09:52:09.887 [info] Getting sessions for read:user,repo,user:email,workflow...
2024-12-14 09:52:09.887 [info] Got 1 sessions for read:user,repo,user:email,workflow...
2024-12-14 10:02:09.004 [info] Getting sessions for read:user,repo,user:email,workflow...
2024-12-14 10:02:09.004 [info] Got 1 sessions for read:user,repo,user:email,workflow...
2024-12-14 10:02:09.783 [info] Getting sessions for all scopes...
2024-12-14 10:02:09.784 [info] Got 2 sessions for ...
2024-12-14 10:02:09.788 [info] Getting sessions for read:user,repo,user:email,workflow...
2024-12-14 10:02:09.788 [info] Got 1 sessions for read:user,repo,user:email,workflow...
2024-12-14 10:02:10.629 [info] Getting sessions for all scopes...
2024-12-14 10:02:10.629 [info] Got 2 sessions for ...
2024-12-14 10:02:10.629 [info] Getting sessions for all scopes...
2024-12-14 10:02:10.629 [info] Got 2 sessions for ...
2024-12-14 10:02:10.632 [info] Getting sessions for read:user,repo,user:email,workflow...
2024-12-14 10:02:10.632 [info] Got 1 sessions for read:user,repo,user:email,workflow...
2024-12-14 10:02:10.637 [info] Getting sessions for all scopes...
2024-12-14 10:02:10.637 [info] Got 2 sessions for ...
2024-12-14 10:02:10.641 [info] Getting sessions for read:user,repo,user:email,workflow...
2024-12-14 10:02:10.641 [info] Got 1 sessions for read:user,repo,user:email,workflow...
2024-12-14 10:02:10.655 [info] Getting sessions for all scopes...
2024-12-14 10:02:10.655 [info] Got 2 sessions for ...
2024-12-14 10:02:10.659 [info] Getting sessions for read:user,repo,user:email,workflow...
2024-12-14 10:02:10.659 [info] Got 1 sessions for read:user,repo,user:email,workflow...
2024-12-14 10:17:10.670 [info] Getting sessions for all scopes...
2024-12-14 10:17:10.670 [info] Got 2 sessions for ...
2024-12-14 10:17:10.674 [info] Getting sessions for read:user,repo,user:email,workflow...
2024-12-14 10:17:10.674 [info] Got 1 sessions for read:user,repo,user:email,workflow...
2024-12-14 10:17:10.679 [info] Getting sessions for all scopes...
2024-12-14 10:17:10.679 [info] Got 2 sessions for ...
2024-12-14 10:17:10.682 [info] Getting sessions for read:user,repo,user:email,workflow...
2024-12-14 10:17:10.683 [info] Got 1 sessions for read:user,repo,user:email,workflow...
2024-12-14 10:27:09.659 [info] Getting sessions for read:user,repo,user:email,workflow...
2024-12-14 10:27:09.660 [info] Got 1 sessions for read:user,repo,user:email,workflow...
2024-12-14 10:27:10.625 [info] Getting sessions for all scopes...
2024-12-14 10:27:10.625 [info] Got 2 sessions for ...
2024-12-14 10:27:10.627 [info] Getting sessions for read:user,repo,user:email,workflow...
2024-12-14 10:27:10.627 [info] Got 1 sessions for read:user,repo,user:email,workflow...
2024-12-14 10:27:11.274 [info] Getting sessions for all scopes...
2024-12-14 10:27:11.274 [info] Got 2 sessions for ...
2024-12-14 10:27:11.275 [info] Getting sessions for all scopes...
2024-12-14 10:27:11.275 [info] Got 2 sessions for ...
2024-12-14 10:27:11.279 [info] Getting sessions for read:user,repo,user:email,workflow...
2024-12-14 10:27:11.279 [info] Got 1 sessions for read:user,repo,user:email,workflow...
2024-12-14 10:27:11.283 [info] Getting sessions for all scopes...
2024-12-14 10:27:11.283 [info] Got 2 sessions for ...
2024-12-14 10:27:11.287 [info] Getting sessions for read:user,repo,user:email,workflow...
2024-12-14 10:27:11.287 [info] Got 1 sessions for read:user,repo,user:email,workflow...
2024-12-14 10:27:11.301 [info] Getting sessions for all scopes...
2024-12-14 10:27:11.301 [info] Got 2 sessions for ...
2024-12-14 10:27:11.305 [info] Getting sessions for read:user,repo,user:email,workflow...
2024-12-14 10:27:11.305 [info] Got 1 sessions for read:user,repo,user:email,workflow...
2024-12-14 13:08:36.635 [info] Getting sessions for read:user,repo,user:email,workflow...
2024-12-14 13:08:36.635 [info] Got 1 sessions for read:user,repo,user:email,workflow...
2024-12-14 13:17:42.337 [info] Getting sessions for all scopes...
2024-12-14 13:17:42.337 [info] Got 2 sessions for ...
2024-12-14 13:17:42.338 [info] Getting sessions for read:user,repo,user:email,workflow...
2024-12-14 13:17:42.338 [info] Got 1 sessions for read:user,repo,user:email,workflow...
2024-12-14 13:17:42.340 [info] Getting sessions for all scopes...
2024-12-14 13:17:42.340 [info] Got 2 sessions for ...
2024-12-14 13:17:42.341 [info] Getting sessions for read:user,repo,user:email,workflow...
2024-12-14 13:17:42.341 [info] Got 1 sessions for read:user,repo,user:email,workflow...
2024-12-14 13:17:43.472 [info] Getting sessions for all scopes...
2024-12-14 13:17:43.472 [info] Got 2 sessions for ...
2024-12-14 13:17:43.472 [info] Getting sessions for all scopes...
2024-12-14 13:17:43.472 [info] Got 2 sessions for ...
2024-12-14 13:17:43.473 [info] Getting sessions for read:user,repo,user:email,workflow...
2024-12-14 13:17:43.473 [info] Got 1 sessions for read:user,repo,user:email,workflow...
2024-12-14 13:17:43.474 [info] Getting sessions for all scopes...
2024-12-14 13:17:43.474 [info] Got 2 sessions for ...
2024-12-14 13:17:43.475 [info] Getting sessions for read:user,repo,user:email,workflow...
2024-12-14 13:17:43.475 [info] Got 1 sessions for read:user,repo,user:email,workflow...
2024-12-14 13:17:43.476 [info] Getting sessions for all scopes...
2024-12-14 13:17:43.476 [info] Got 2 sessions for ...
2024-12-14 13:17:43.476 [info] Getting sessions for read:user,repo,user:email,workflow...
2024-12-14 13:17:43.476 [info] Got 1 sessions for read:user,repo,user:email,workflow...
2024-12-14 13:17:45.051 [info] Getting sessions for all scopes...
2024-12-14 13:17:45.051 [info] Got 2 sessions for ...
2024-12-14 13:17:45.052 [info] Getting sessions for read:user,repo,user:email,workflow...
2024-12-14 13:17:45.052 [info] Got 1 sessions for read:user,repo,user:email,workflow...
2024-12-14 13:27:41.405 [info] Getting sessions for read:user,repo,user:email,workflow...
2024-12-14 13:27:41.405 [info] Got 1 sessions for read:user,repo,user:email,workflow...
2024-12-14 13:32:45.054 [info] Getting sessions for all scopes...
2024-12-14 13:32:45.054 [info] Got 2 sessions for ...
2024-12-14 13:32:45.055 [info] Getting sessions for read:user,repo,user:email,workflow...
2024-12-14 13:32:45.055 [info] Got 1 sessions for read:user,repo,user:email,workflow...
2024-12-14 13:32:45.056 [info] Getting sessions for all scopes...
2024-12-14 13:32:45.056 [info] Got 2 sessions for ...
2024-12-14 13:32:45.057 [info] Getting sessions for read:user,repo,user:email,workflow...
2024-12-14 13:32:45.057 [info] Got 1 sessions for read:user,repo,user:email,workflow...
2024-12-14 13:42:44.868 [info] Getting sessions for all scopes...
2024-12-14 13:42:44.869 [info] Got 2 sessions for ...
2024-12-14 13:42:44.870 [info] Getting sessions for read:user,repo,user:email,workflow...
2024-12-14 13:42:44.870 [info] Got 1 sessions for read:user,repo,user:email,workflow...
2024-12-14 13:42:45.850 [info] Getting sessions for all scopes...
2024-12-14 13:42:45.850 [info] Got 2 sessions for ...
2024-12-14 13:42:45.851 [info] Getting sessions for all scopes...
2024-12-14 13:42:45.851 [info] Got 2 sessions for ...
2024-12-14 13:42:45.851 [info] Getting sessions for read:user,repo,user:email,workflow...
2024-12-14 13:42:45.851 [info] Got 1 sessions for read:user,repo,user:email,workflow...
2024-12-14 13:42:45.853 [info] Getting sessions for all scopes...
2024-12-14 13:42:45.853 [info] Got 2 sessions for ...
2024-12-14 13:42:45.854 [info] Getting sessions for read:user,repo,user:email,workflow...
2024-12-14 13:42:45.854 [info] Got 1 sessions for read:user,repo,user:email,workflow...
2024-12-14 13:42:45.856 [info] Getting sessions for all scopes...
2024-12-14 13:42:45.856 [info] Got 2 sessions for ...
2024-12-14 13:42:45.857 [info] Getting sessions for read:user,repo,user:email,workflow...
2024-12-14 13:42:45.857 [info] Got 1 sessions for read:user,repo,user:email,workflow...
2024-12-14 13:52:43.192 [info] Getting sessions for read:user,repo,user:email,workflow...
2024-12-14 13:52:43.192 [info] Got 1 sessions for read:user,repo,user:email,workflow...
2024-12-14 13:57:45.861 [info] Getting sessions for all scopes...
2024-12-14 13:57:45.861 [info] Got 2 sessions for ...
2024-12-14 13:57:45.862 [info] Getting sessions for read:user,repo,user:email,workflow...
2024-12-14 13:57:45.862 [info] Got 1 sessions for read:user,repo,user:email,workflow...
2024-12-14 13:57:45.863 [info] Getting sessions for all scopes...
2024-12-14 13:57:45.863 [info] Got 2 sessions for ...
2024-12-14 13:57:45.863 [info] Getting sessions for read:user,repo,user:email,workflow...
2024-12-14 13:57:45.863 [info] Got 1 sessions for read:user,repo,user:email,workflow...
2024-12-14 14:07:45.851 [info] Getting sessions for all scopes...
2024-12-14 14:07:45.851 [info] Got 2 sessions for ...
2024-12-14 14:07:45.852 [info] Getting sessions for read:user,repo,user:email,workflow...
2024-12-14 14:07:45.853 [info] Got 1 sessions for read:user,repo,user:email,workflow...
2024-12-14 14:07:46.899 [info] Getting sessions for all scopes...
2024-12-14 14:07:46.899 [info] Got 2 sessions for ...
2024-12-14 14:07:46.899 [info] Getting sessions for all scopes...
2024-12-14 14:07:46.899 [info] Got 2 sessions for ...
2024-12-14 14:07:46.900 [info] Getting sessions for read:user,repo,user:email,workflow...
2024-12-14 14:07:46.900 [info] Got 1 sessions for read:user,repo,user:email,workflow...
2024-12-14 14:07:46.901 [info] Getting sessions for all scopes...
2024-12-14 14:07:46.901 [info] Got 2 sessions for ...
2024-12-14 14:07:46.901 [info] Getting sessions for read:user,repo,user:email,workflow...
2024-12-14 14:07:46.902 [info] Got 1 sessions for read:user,repo,user:email,workflow...
2024-12-14 14:07:46.904 [info] Getting sessions for all scopes...
2024-12-14 14:07:46.904 [info] Got 2 sessions for ...
2024-12-14 14:07:46.904 [info] Getting sessions for read:user,repo,user:email,workflow...
2024-12-14 14:07:46.904 [info] Got 1 sessions for read:user,repo,user:email,workflow...
2024-12-14 14:17:43.774 [info] Getting sessions for read:user,repo,user:email,workflow...
2024-12-14 14:17:43.774 [info] Got 1 sessions for read:user,repo,user:email,workflow...
2024-12-14 14:22:46.907 [info] Getting sessions for all scopes...
2024-12-14 14:22:46.908 [info] Got 2 sessions for ...
2024-12-14 14:22:46.908 [info] Getting sessions for read:user,repo,user:email,workflow...
2024-12-14 14:22:46.909 [info] Got 1 sessions for read:user,repo,user:email,workflow...
2024-12-14 14:22:46.910 [info] Getting sessions for all scopes...
2024-12-14 14:22:46.910 [info] Got 2 sessions for ...
2024-12-14 14:22:46.910 [info] Getting sessions for read:user,repo,user:email,workflow...
2024-12-14 14:22:46.910 [info] Got 1 sessions for read:user,repo,user:email,workflow...
2024-12-14 14:32:46.899 [info] Getting sessions for all scopes...
2024-12-14 14:32:46.899 [info] Got 2 sessions for ...
2024-12-14 14:32:46.900 [info] Getting sessions for read:user,repo,user:email,workflow...
2024-12-14 14:32:46.900 [info] Got 1 sessions for read:user,repo,user:email,workflow...
2024-12-14 14:32:48.310 [info] Getting sessions for all scopes...
2024-12-14 14:32:48.310 [info] Got 2 sessions for ...
2024-12-14 14:32:48.311 [info] Getting sessions for all scopes...
2024-12-14 14:32:48.311 [info] Got 2 sessions for ...
2024-12-14 14:32:48.311 [info] Getting sessions for read:user,repo,user:email,workflow...
2024-12-14 14:32:48.312 [info] Got 1 sessions for read:user,repo,user:email,workflow...
2024-12-14 14:32:48.312 [info] Getting sessions for all scopes...
2024-12-14 14:32:48.312 [info] Got 2 sessions for ...
2024-12-14 14:32:48.314 [info] Getting sessions for read:user,repo,user:email,workflow...
2024-12-14 14:32:48.314 [info] Got 1 sessions for read:user,repo,user:email,workflow...
2024-12-14 14:32:48.317 [info] Getting sessions for all scopes...
2024-12-14 14:32:48.317 [info] Got 2 sessions for ...
2024-12-14 14:32:48.318 [info] Getting sessions for read:user,repo,user:email,workflow...
2024-12-14 14:32:48.318 [info] Got 1 sessions for read:user,repo,user:email,workflow...
2024-12-14 14:42:44.589 [info] Getting sessions for read:user,repo,user:email,workflow...
2024-12-14 14:42:44.589 [info] Got 1 sessions for read:user,repo,user:email,workflow...
2024-12-14 14:47:48.322 [info] Getting sessions for all scopes...
2024-12-14 14:47:48.322 [info] Got 2 sessions for ...
2024-12-14 14:47:48.323 [info] Getting sessions for read:user,repo,user:email,workflow...
2024-12-14 14:47:48.323 [info] Got 1 sessions for read:user,repo,user:email,workflow...
2024-12-14 14:47:48.324 [info] Getting sessions for all scopes...
2024-12-14 14:47:48.324 [info] Got 2 sessions for ...
2024-12-14 14:47:48.325 [info] Getting sessions for read:user,repo,user:email,workflow...
2024-12-14 14:47:48.325 [info] Got 1 sessions for read:user,repo,user:email,workflow...
2024-12-14 14:57:48.312 [info] Getting sessions for all scopes...
2024-12-14 14:57:48.312 [info] Got 2 sessions for ...
2024-12-14 14:57:48.313 [info] Getting sessions for read:user,repo,user:email,workflow...
2024-12-14 14:57:48.313 [info] Got 1 sessions for read:user,repo,user:email,workflow...
2024-12-14 14:57:49.491 [info] Getting sessions for all scopes...
2024-12-14 14:57:49.491 [info] Got 2 sessions for ...
2024-12-14 14:57:49.491 [info] Getting sessions for all scopes...
2024-12-14 14:57:49.491 [info] Got 2 sessions for ...
2024-12-14 14:57:49.492 [info] Getting sessions for read:user,repo,user:email,workflow...
2024-12-14 14:57:49.492 [info] Got 1 sessions for read:user,repo,user:email,workflow...
2024-12-14 14:57:49.494 [info] Getting sessions for all scopes...
2024-12-14 14:57:49.494 [info] Got 2 sessions for ...
2024-12-14 14:57:49.495 [info] Getting sessions for read:user,repo,user:email,workflow...
2024-12-14 14:57:49.495 [info] Got 1 sessions for read:user,repo,user:email,workflow...
2024-12-14 14:57:49.499 [info] Getting sessions for all scopes...
2024-12-14 14:57:49.499 [info] Got 2 sessions for ...
2024-12-14 14:57:49.500 [info] Getting sessions for read:user,repo,user:email,workflow...
2024-12-14 14:57:49.500 [info] Got 1 sessions for read:user,repo,user:email,workflow...
2024-12-14 15:07:44.968 [info] Getting sessions for read:user,repo,user:email,workflow...
2024-12-14 15:07:44.968 [info] Got 1 sessions for read:user,repo,user:email,workflow...
2024-12-14 15:12:49.504 [info] Getting sessions for all scopes...
2024-12-14 15:12:49.504 [info] Got 2 sessions for ...
2024-12-14 15:12:49.505 [info] Getting sessions for read:user,repo,user:email,workflow...
2024-12-14 15:12:49.505 [info] Got 1 sessions for read:user,repo,user:email,workflow...
2024-12-14 15:12:49.507 [info] Getting sessions for all scopes...
2024-12-14 15:12:49.507 [info] Got 2 sessions for ...
2024-12-14 15:12:49.509 [info] Getting sessions for read:user,repo,user:email,workflow...
2024-12-14 15:12:49.509 [info] Got 1 sessions for read:user,repo,user:email,workflow...
2024-12-14 15:22:49.492 [info] Getting sessions for all scopes...
2024-12-14 15:22:49.492 [info] Got 2 sessions for ...
2024-12-14 15:22:49.494 [info] Getting sessions for read:user,repo,user:email,workflow...
2024-12-14 15:22:49.494 [info] Got 1 sessions for read:user,repo,user:email,workflow...
2024-12-14 15:22:50.575 [info] Getting sessions for all scopes...
2024-12-14 15:22:50.575 [info] Got 2 sessions for ...
2024-12-14 15:22:50.575 [info] Getting sessions for all scopes...
2024-12-14 15:22:50.575 [info] Got 2 sessions for ...
2024-12-14 15:22:50.576 [info] Getting sessions for read:user,repo,user:email,workflow...
2024-12-14 15:22:50.576 [info] Got 1 sessions for read:user,repo,user:email,workflow...
2024-12-14 15:22:50.577 [info] Getting sessions for all scopes...
2024-12-14 15:22:50.577 [info] Got 2 sessions for ...
2024-12-14 15:22:50.579 [info] Getting sessions for read:user,repo,user:email,workflow...
2024-12-14 15:22:50.579 [info] Got 1 sessions for read:user,repo,user:email,workflow...
2024-12-14 15:22:50.582 [info] Getting sessions for all scopes...
2024-12-14 15:22:50.582 [info] Got 2 sessions for ...
2024-12-14 15:22:50.584 [info] Getting sessions for read:user,repo,user:email,workflow...
2024-12-14 15:22:50.584 [info] Got 1 sessions for read:user,repo,user:email,workflow...
2024-12-14 15:32:45.567 [info] Getting sessions for read:user,repo,user:email,workflow...
2024-12-14 15:32:45.567 [info] Got 1 sessions for read:user,repo,user:email,workflow...
2024-12-14 15:37:50.587 [info] Getting sessions for all scopes...
2024-12-14 15:37:50.587 [info] Got 2 sessions for ...
2024-12-14 15:37:50.589 [info] Getting sessions for read:user,repo,user:email,workflow...
2024-12-14 15:37:50.589 [info] Got 1 sessions for read:user,repo,user:email,workflow...
2024-12-14 15:37:50.590 [info] Getting sessions for all scopes...
2024-12-14 15:37:50.590 [info] Got 2 sessions for ...
2024-12-14 15:37:50.592 [info] Getting sessions for read:user,repo,user:email,workflow...
2024-12-14 15:37:50.592 [info] Got 1 sessions for read:user,repo,user:email,workflow...
2024-12-14 15:47:50.576 [info] Getting sessions for all scopes...
2024-12-14 15:47:50.576 [info] Got 2 sessions for ...
2024-12-14 15:47:50.578 [info] Getting sessions for read:user,repo,user:email,workflow...
2024-12-14 15:47:50.578 [info] Got 1 sessions for read:user,repo,user:email,workflow...
2024-12-14 15:47:51.714 [info] Getting sessions for all scopes...
2024-12-14 15:47:51.714 [info] Got 2 sessions for ...
2024-12-14 15:47:51.714 [info] Getting sessions for all scopes...
2024-12-14 15:47:51.714 [info] Got 2 sessions for ...
2024-12-14 15:47:51.715 [info] Getting sessions for read:user,repo,user:email,workflow...
2024-12-14 15:47:51.715 [info] Got 1 sessions for read:user,repo,user:email,workflow...
2024-12-14 15:47:51.716 [info] Getting sessions for all scopes...
2024-12-14 15:47:51.716 [info] Got 2 sessions for ...
2024-12-14 15:47:51.718 [info] Getting sessions for read:user,repo,user:email,workflow...
2024-12-14 15:47:51.718 [info] Got 1 sessions for read:user,repo,user:email,workflow...
2024-12-14 15:47:51.723 [info] Getting sessions for all scopes...
2024-12-14 15:47:51.723 [info] Got 2 sessions for ...
2024-12-14 15:47:51.725 [info] Getting sessions for read:user,repo,user:email,workflow...
2024-12-14 15:47:51.725 [info] Got 1 sessions for read:user,repo,user:email,workflow...
2024-12-14 15:57:46.277 [info] Getting sessions for read:user,repo,user:email,workflow...
2024-12-14 15:57:46.277 [info] Got 1 sessions for read:user,repo,user:email,workflow...
2024-12-14 16:02:51.727 [info] Getting sessions for all scopes...
2024-12-14 16:02:51.727 [info] Got 2 sessions for ...
2024-12-14 16:02:51.729 [info] Getting sessions for read:user,repo,user:email,workflow...
2024-12-14 16:02:51.729 [info] Got 1 sessions for read:user,repo,user:email,workflow...
2024-12-14 16:02:51.731 [info] Getting sessions for all scopes...
2024-12-14 16:02:51.731 [info] Got 2 sessions for ...
2024-12-14 16:02:51.732 [info] Getting sessions for read:user,repo,user:email,workflow...
2024-12-14 16:02:51.732 [info] Got 1 sessions for read:user,repo,user:email,workflow...
2024-12-14 17:00:11.220 [info] Getting sessions for all scopes...
2024-12-14 17:00:11.220 [info] Got 2 sessions for ...
2024-12-14 17:00:11.222 [info] Getting sessions for read:user,repo,user:email,workflow...
2024-12-14 17:00:11.222 [info] Got 1 sessions for read:user,repo,user:email,workflow...
2024-12-14 17:00:11.225 [info] Getting sessions for all scopes...
2024-12-14 17:00:11.225 [info] Got 2 sessions for ...
2024-12-14 17:00:11.226 [info] Getting sessions for all scopes...
2024-12-14 17:00:11.226 [info] Got 2 sessions for ...
2024-12-14 17:00:11.226 [info] Getting sessions for read:user,repo,user:email,workflow...
2024-12-14 17:00:11.226 [info] Got 1 sessions for read:user,repo,user:email,workflow...
2024-12-14 17:00:11.227 [info] Getting sessions for all scopes...
2024-12-14 17:00:11.227 [info] Got 2 sessions for ...
2024-12-14 17:00:11.228 [info] Getting sessions for read:user,repo,user:email,workflow...
2024-12-14 17:00:11.228 [info] Got 1 sessions for read:user,repo,user:email,workflow...
2024-12-14 17:00:11.230 [info] Getting sessions for all scopes...
2024-12-14 17:00:11.230 [info] Got 2 sessions for ...
2024-12-14 17:00:11.230 [info] Getting sessions for read:user,repo,user:email,workflow...
2024-12-14 17:00:11.230 [info] Got 1 sessions for read:user,repo,user:email,workflow...
2024-12-14 17:00:11.311 [info] Getting sessions for all scopes...
2024-12-14 17:00:11.311 [info] Got 2 sessions for ...
2024-12-14 17:00:11.325 [info] Getting sessions for read:user,repo,user:email,workflow...
2024-12-14 17:00:11.325 [info] Got 1 sessions for read:user,repo,user:email,workflow...
2024-12-14 17:00:11.326 [info] Getting sessions for all scopes...
2024-12-14 17:00:11.326 [info] Got 2 sessions for ...
2024-12-14 17:00:11.327 [info] Getting sessions for read:user,repo,user:email,workflow...
2024-12-14 17:00:11.327 [info] Got 1 sessions for read:user,repo,user:email,workflow...
2024-12-14 17:00:56.580 [info] Getting sessions for all scopes...
2024-12-14 17:00:56.580 [info] Got 2 sessions for ...
2024-12-14 17:00:56.583 [info] Getting sessions for read:user,repo,user:email,workflow...
2024-12-14 17:00:56.583 [info] Got 1 sessions for read:user,repo,user:email,workflow...
2024-12-14 17:00:56.592 [info] Getting sessions for all scopes...
2024-12-14 17:00:56.592 [info] Got 2 sessions for ...
2024-12-14 17:00:56.593 [info] Getting sessions for read:user,repo,user:email,workflow...
2024-12-14 17:00:56.593 [info] Got 1 sessions for read:user,repo,user:email,workflow...
2024-12-14 17:00:57.893 [info] Getting sessions for all scopes...
2024-12-14 17:00:57.893 [info] Got 2 sessions for ...
2024-12-14 17:00:57.894 [info] Getting sessions for all scopes...
2024-12-14 17:00:57.894 [info] Got 2 sessions for ...
2024-12-14 17:00:57.895 [info] Getting sessions for read:user,repo,user:email,workflow...
2024-12-14 17:00:57.895 [info] Got 1 sessions for read:user,repo,user:email,workflow...
2024-12-14 17:00:57.896 [info] Getting sessions for all scopes...
2024-12-14 17:00:57.896 [info] Got 2 sessions for ...
2024-12-14 17:00:57.897 [info] Getting sessions for read:user,repo,user:email,workflow...
2024-12-14 17:00:57.897 [info] Got 1 sessions for read:user,repo,user:email,workflow...
2024-12-14 17:00:57.957 [info] Getting sessions for all scopes...
2024-12-14 17:00:57.957 [info] Got 2 sessions for ...
2024-12-14 17:00:57.967 [info] Getting sessions for read:user,repo,user:email,workflow...
2024-12-14 17:00:57.967 [info] Got 1 sessions for read:user,repo,user:email,workflow...
2024-12-14 17:00:57.970 [info] Getting sessions for all scopes...
2024-12-14 17:00:57.970 [info] Got 2 sessions for ...
2024-12-14 17:00:57.971 [info] Getting sessions for read:user,repo,user:email,workflow...
2024-12-14 17:00:57.971 [info] Got 1 sessions for read:user,repo,user:email,workflow...
2024-12-14 17:09:28.395 [info] Getting sessions for read:user,repo,user:email,workflow...
2024-12-14 17:09:28.395 [info] Got 1 sessions for read:user,repo,user:email,workflow...
2024-12-14 17:15:59.318 [info] Getting sessions for all scopes...
2024-12-14 17:15:59.318 [info] Got 2 sessions for ...
2024-12-14 17:15:59.319 [info] Getting sessions for read:user,repo,user:email,workflow...
2024-12-14 17:15:59.319 [info] Got 1 sessions for read:user,repo,user:email,workflow...
2024-12-14 17:15:59.320 [info] Getting sessions for all scopes...
2024-12-14 17:15:59.320 [info] Got 2 sessions for ...
2024-12-14 17:15:59.321 [info] Getting sessions for read:user,repo,user:email,workflow...
2024-12-14 17:15:59.321 [info] Got 1 sessions for read:user,repo,user:email,workflow...
2024-12-15 22:52:32.162 [info] Getting sessions for all scopes...
2024-12-15 22:52:32.162 [info] Got 2 sessions for ...
2024-12-15 22:52:32.163 [info] Getting sessions for read:user,repo,user:email,workflow...
2024-12-15 22:52:32.164 [info] Got 1 sessions for read:user,repo,user:email,workflow...
2024-12-15 22:52:33.081 [info] Getting sessions for all scopes...
2024-12-15 22:52:33.081 [info] Got 2 sessions for ...
2024-12-15 22:52:33.082 [info] Getting sessions for all scopes...
2024-12-15 22:52:33.082 [info] Got 2 sessions for ...
2024-12-15 22:52:33.082 [info] Getting sessions for read:user,repo,user:email,workflow...
2024-12-15 22:52:33.083 [info] Got 1 sessions for read:user,repo,user:email,workflow...
2024-12-15 22:52:33.084 [info] Getting sessions for all scopes...
2024-12-15 22:52:33.084 [info] Got 2 sessions for ...
2024-12-15 22:52:33.084 [info] Getting sessions for read:user,repo,user:email,workflow...
2024-12-15 22:52:33.084 [info] Got 1 sessions for read:user,repo,user:email,workflow...
2024-12-15 22:52:33.089 [info] Getting sessions for all scopes...
2024-12-15 22:52:33.089 [info] Got 2 sessions for ...
2024-12-15 22:52:33.090 [info] Getting sessions for read:user,repo,user:email,workflow...
2024-12-15 22:52:33.090 [info] Got 1 sessions for read:user,repo,user:email,workflow...
2024-12-15 22:52:33.093 [info] Getting sessions for all scopes...
2024-12-15 22:52:33.093 [info] Got 2 sessions for ...
2024-12-15 22:52:33.093 [info] Getting sessions for read:user,repo,user:email,workflow...
2024-12-15 22:52:33.093 [info] Got 1 sessions for read:user,repo,user:email,workflow...
2024-12-15 23:01:03.141 [info] Getting sessions for read:user,repo,user:email,workflow...
2024-12-15 23:01:03.141 [info] Got 1 sessions for read:user,repo,user:email,workflow...
2024-12-15 23:07:34.508 [info] Getting sessions for all scopes...
2024-12-15 23:07:34.508 [info] Got 2 sessions for ...
2024-12-15 23:07:34.509 [info] Getting sessions for read:user,repo,user:email,workflow...
2024-12-15 23:07:34.509 [info] Got 1 sessions for read:user,repo,user:email,workflow...
2024-12-15 23:07:34.510 [info] Getting sessions for all scopes...
2024-12-15 23:07:34.510 [info] Got 2 sessions for ...
2024-12-15 23:07:34.512 [info] Getting sessions for read:user,repo,user:email,workflow...
2024-12-15 23:07:34.512 [info] Got 1 sessions for read:user,repo,user:email,workflow...
2024-12-15 23:17:33.086 [info] Getting sessions for all scopes...
2024-12-15 23:17:33.086 [info] Got 2 sessions for ...
2024-12-15 23:17:33.087 [info] Getting sessions for read:user,repo,user:email,workflow...
2024-12-15 23:17:33.087 [info] Got 1 sessions for read:user,repo,user:email,workflow...
2024-12-15 23:17:34.317 [info] Getting sessions for all scopes...
2024-12-15 23:17:34.317 [info] Got 2 sessions for ...
2024-12-15 23:17:34.317 [info] Getting sessions for all scopes...
2024-12-15 23:17:34.317 [info] Got 2 sessions for ...
2024-12-15 23:17:34.318 [info] Getting sessions for read:user,repo,user:email,workflow...
2024-12-15 23:17:34.318 [info] Got 1 sessions for read:user,repo,user:email,workflow...
2024-12-15 23:17:34.319 [info] Getting sessions for all scopes...
2024-12-15 23:17:34.319 [info] Got 2 sessions for ...
2024-12-15 23:17:34.320 [info] Getting sessions for read:user,repo,user:email,workflow...
2024-12-15 23:17:34.320 [info] Got 1 sessions for read:user,repo,user:email,workflow...
2024-12-15 23:17:34.323 [info] Getting sessions for all scopes...
2024-12-15 23:17:34.323 [info] Got 2 sessions for ...
2024-12-15 23:17:34.324 [info] Getting sessions for read:user,repo,user:email,workflow...
2024-12-15 23:17:34.324 [info] Got 1 sessions for read:user,repo,user:email,workflow...
2024-12-15 23:26:04.920 [info] Getting sessions for read:user,repo,user:email,workflow...
2024-12-15 23:26:04.920 [info] Got 1 sessions for read:user,repo,user:email,workflow...
2024-12-15 23:32:35.279 [info] Getting sessions for all scopes...
2024-12-15 23:32:35.279 [info] Got 2 sessions for ...
2024-12-15 23:32:35.280 [info] Getting sessions for read:user,repo,user:email,workflow...
2024-12-15 23:32:35.280 [info] Got 1 sessions for read:user,repo,user:email,workflow...
2024-12-15 23:32:35.281 [info] Getting sessions for all scopes...
2024-12-15 23:32:35.281 [info] Got 2 sessions for ...
2024-12-15 23:32:35.283 [info] Getting sessions for read:user,repo,user:email,workflow...
2024-12-15 23:32:35.283 [info] Got 1 sessions for read:user,repo,user:email,workflow...
2024-12-15 23:42:35.270 [info] Getting sessions for all scopes...
2024-12-15 23:42:35.270 [info] Got 2 sessions for ...
2024-12-15 23:42:35.271 [info] Getting sessions for read:user,repo,user:email,workflow...
2024-12-15 23:42:35.271 [info] Got 1 sessions for read:user,repo,user:email,workflow...
2024-12-15 23:42:36.337 [info] Getting sessions for all scopes...
2024-12-15 23:42:36.337 [info] Got 2 sessions for ...
2024-12-15 23:42:36.338 [info] Getting sessions for all scopes...
2024-12-15 23:42:36.338 [info] Got 2 sessions for ...
2024-12-15 23:42:36.339 [info] Getting sessions for read:user,repo,user:email,workflow...
2024-12-15 23:42:36.339 [info] Got 1 sessions for read:user,repo,user:email,workflow...
2024-12-15 23:42:36.340 [info] Getting sessions for all scopes...
2024-12-15 23:42:36.340 [info] Got 2 sessions for ...
2024-12-15 23:42:36.341 [info] Getting sessions for read:user,repo,user:email,workflow...
2024-12-15 23:42:36.341 [info] Got 1 sessions for read:user,repo,user:email,workflow...
2024-12-15 23:42:36.344 [info] Getting sessions for all scopes...
2024-12-15 23:42:36.344 [info] Got 2 sessions for ...
2024-12-15 23:42:36.345 [info] Getting sessions for read:user,repo,user:email,workflow...
2024-12-15 23:42:36.345 [info] Got 1 sessions for read:user,repo,user:email,workflow...
2024-12-15 23:51:05.348 [info] Getting sessions for read:user,repo,user:email,workflow...
2024-12-15 23:51:05.348 [info] Got 1 sessions for read:user,repo,user:email,workflow...
2024-12-15 23:57:36.348 [info] Getting sessions for all scopes...
2024-12-15 23:57:36.348 [info] Got 2 sessions for ...
2024-12-15 23:57:36.349 [info] Getting sessions for read:user,repo,user:email,workflow...
2024-12-15 23:57:36.349 [info] Got 1 sessions for read:user,repo,user:email,workflow...
2024-12-15 23:57:36.350 [info] Getting sessions for all scopes...
2024-12-15 23:57:36.350 [info] Got 2 sessions for ...
2024-12-15 23:57:36.351 [info] Getting sessions for read:user,repo,user:email,workflow...
2024-12-15 23:57:36.351 [info] Got 1 sessions for read:user,repo,user:email,workflow...
2024-12-16 00:07:36.338 [info] Getting sessions for all scopes...
2024-12-16 00:07:36.338 [info] Got 2 sessions for ...
2024-12-16 00:07:36.339 [info] Getting sessions for read:user,repo,user:email,workflow...
2024-12-16 00:07:36.339 [info] Got 1 sessions for read:user,repo,user:email,workflow...
2024-12-16 00:07:37.110 [info] Getting sessions for all scopes...
2024-12-16 00:07:37.110 [info] Got 2 sessions for ...
2024-12-16 00:07:37.110 [info] Getting sessions for all scopes...
2024-12-16 00:07:37.110 [info] Got 2 sessions for ...
2024-12-16 00:07:37.111 [info] Getting sessions for read:user,repo,user:email,workflow...
2024-12-16 00:07:37.111 [info] Got 1 sessions for read:user,repo,user:email,workflow...
2024-12-16 00:07:37.112 [info] Getting sessions for all scopes...
2024-12-16 00:07:37.112 [info] Got 2 sessions for ...
2024-12-16 00:07:37.113 [info] Getting sessions for read:user,repo,user:email,workflow...
2024-12-16 00:07:37.113 [info] Got 1 sessions for read:user,repo,user:email,workflow...
2024-12-16 00:07:37.116 [info] Getting sessions for all scopes...
2024-12-16 00:07:37.116 [info] Got 2 sessions for ...
2024-12-16 00:07:37.117 [info] Getting sessions for read:user,repo,user:email,workflow...
2024-12-16 00:07:37.117 [info] Got 1 sessions for read:user,repo,user:email,workflow...
2024-12-16 00:16:05.735 [info] Getting sessions for read:user,repo,user:email,workflow...
2024-12-16 00:16:05.735 [info] Got 1 sessions for read:user,repo,user:email,workflow...
2024-12-16 00:22:37.120 [info] Getting sessions for all scopes...
2024-12-16 00:22:37.120 [info] Got 2 sessions for ...
2024-12-16 00:22:37.121 [info] Getting sessions for read:user,repo,user:email,workflow...
2024-12-16 00:22:37.121 [info] Got 1 sessions for read:user,repo,user:email,workflow...
2024-12-16 00:22:37.122 [info] Getting sessions for all scopes...
2024-12-16 00:22:37.122 [info] Got 2 sessions for ...
2024-12-16 00:22:37.123 [info] Getting sessions for read:user,repo,user:email,workflow...
2024-12-16 00:22:37.123 [info] Got 1 sessions for read:user,repo,user:email,workflow...
2024-12-16 00:32:37.113 [info] Getting sessions for all scopes...
2024-12-16 00:32:37.113 [info] Got 2 sessions for ...
2024-12-16 00:32:37.114 [info] Getting sessions for read:user,repo,user:email,workflow...
2024-12-16 00:32:37.114 [info] Got 1 sessions for read:user,repo,user:email,workflow...
2024-12-16 00:32:37.798 [info] Getting sessions for all scopes...
2024-12-16 00:32:37.798 [info] Got 2 sessions for ...
2024-12-16 00:32:37.799 [info] Getting sessions for all scopes...
2024-12-16 00:32:37.799 [info] Got 2 sessions for ...
2024-12-16 00:32:37.799 [info] Getting sessions for read:user,repo,user:email,workflow...
2024-12-16 00:32:37.799 [info] Got 1 sessions for read:user,repo,user:email,workflow...
2024-12-16 00:32:37.800 [info] Getting sessions for all scopes...
2024-12-16 00:32:37.800 [info] Got 2 sessions for ...
2024-12-16 00:32:37.801 [info] Getting sessions for read:user,repo,user:email,workflow...
2024-12-16 00:32:37.801 [info] Got 1 sessions for read:user,repo,user:email,workflow...
2024-12-16 00:32:37.803 [info] Getting sessions for all scopes...
2024-12-16 00:32:37.804 [info] Got 2 sessions for ...
2024-12-16 00:32:37.804 [info] Getting sessions for read:user,repo,user:email,workflow...
2024-12-16 00:32:37.804 [info] Got 1 sessions for read:user,repo,user:email,workflow...
2024-12-16 09:42:04.670 [info] Getting sessions for read:user,repo,user:email,workflow...
2024-12-16 09:42:04.670 [info] Got 1 sessions for read:user,repo,user:email,workflow...
