2024-12-13 12:21:24.456 [info] Acquired MSAL enablement value from default. Value: false
2024-12-13 12:21:30.740 [info] Getting sessions for all scopes...
2024-12-13 12:21:30.740 [info] Got 5 sessions for all scopes...
2024-12-13 12:21:30.741 [info] Getting sessions for all scopes...
2024-12-13 12:21:30.741 [info] Got 5 sessions for all scopes...
2024-12-13 12:21:30.742 [info]  for undefined
2024-12-13 12:21:30.742 [info] [email offline_access openid profile] Got 5 sessions
2024-12-13 12:21:30.742 [info]  for undefined
2024-12-13 12:21:30.742 [info] [email offline_access openid profile] Got 5 sessions
2024-12-13 14:48:45.722 [info]  for undefined
2024-12-13 14:48:45.723 [info] [email offline_access openid profile] Got 5 sessions
2024-12-13 14:50:39.840 [info] Acquired MSAL enablement value from default. Value: false
2024-12-13 14:50:43.112 [info] Getting sessions for all scopes...
2024-12-13 14:50:43.112 [info] Got 5 sessions for all scopes...
2024-12-13 14:50:43.112 [info] Getting sessions for all scopes...
2024-12-13 14:50:43.112 [info] Got 5 sessions for all scopes...
2024-12-13 14:50:43.113 [info]  for undefined
2024-12-13 14:50:43.113 [info] [email offline_access openid profile] Got 5 sessions
2024-12-13 14:50:52.158 [info]  for undefined
2024-12-13 14:50:52.158 [info] [email offline_access openid profile] Got 5 sessions
2024-12-13 14:53:08.021 [info] Getting sessions for all scopes...
2024-12-13 14:53:08.021 [info] Got 5 sessions for all scopes...
2024-12-13 15:08:15.759 [info] Getting sessions for all scopes...
2024-12-13 15:08:15.759 [info] Got 5 sessions for all scopes...
2024-12-13 15:32:10.243 [info]  for undefined
2024-12-13 15:32:10.243 [info] [email offline_access openid profile] Got 5 sessions
2024-12-13 15:35:38.948 [info]  for undefined
2024-12-13 15:35:38.948 [info] [email offline_access openid profile] Got 5 sessions
2024-12-13 15:39:35.611 [info]  for undefined
2024-12-13 15:39:35.611 [info] [email offline_access openid profile] Got 5 sessions
2024-12-13 15:46:51.548 [info]  for undefined
2024-12-13 15:46:51.548 [info] [email offline_access openid profile] Got 5 sessions
2024-12-13 15:50:15.775 [info]  for undefined
2024-12-13 15:50:15.775 [info] [email offline_access openid profile] Got 5 sessions
2024-12-13 16:37:11.584 [info]  for undefined
2024-12-13 16:37:11.584 [info] [email offline_access openid profile] Got 5 sessions
2024-12-13 19:54:25.827 [info] Acquired MSAL enablement value from default. Value: false
2024-12-13 19:54:29.309 [info] Getting sessions for all scopes...
2024-12-13 19:54:29.309 [info] Got 5 sessions for all scopes...
2024-12-13 19:54:29.310 [info] Getting sessions for all scopes...
2024-12-13 19:54:29.310 [info] Got 5 sessions for all scopes...
2024-12-13 19:54:29.312 [info]  for undefined
2024-12-13 19:54:29.312 [info] [email offline_access openid profile] Got 5 sessions
2024-12-13 19:56:42.748 [info] Getting sessions for all scopes...
2024-12-13 19:56:42.748 [info] Got 5 sessions for all scopes...
2024-12-13 19:57:44.109 [info] Getting sessions for all scopes...
2024-12-13 19:57:44.109 [info] Got 5 sessions for all scopes...
2024-12-15 22:52:26.847 [info]  for undefined
2024-12-15 22:52:32.521 [info] [email offline_access openid profile] 'f8cdef31-a31e-4b4a-93e4-5f571e91255a/1:live.com:000340010FA7A2AA/3fa5a474-c921-470f-bf5b-b3eb26d8bc4b' session successfully created!
2024-12-15 22:52:32.547 [info]  for undefined
2024-12-15 22:52:32.547 [info] [email offline_access openid profile] Got 6 sessions
