2024-12-24 10:49:48.561 [info] Reading sessions from keychain...
2024-12-24 10:49:48.561 [info] Getting sessions for all scopes...
2024-12-24 10:49:48.561 [info] Getting sessions for all scopes...
2024-12-24 10:49:48.561 [info] Getting sessions for all scopes...
2024-12-24 10:49:48.561 [info] Getting sessions for all scopes...
2024-12-24 10:49:48.561 [info] Getting sessions for all scopes...
2024-12-24 10:49:48.561 [info] Getting sessions for all scopes...
2024-12-24 10:49:48.561 [info] Getting sessions for all scopes...
2024-12-24 10:49:48.655 [info] Got stored sessions!
2024-12-24 10:49:48.655 [info] Got 2 verified sessions.
2024-12-24 10:49:48.655 [info] Got 2 sessions for ...
2024-12-24 10:49:48.655 [info] Got 2 sessions for ...
2024-12-24 10:49:48.655 [info] Got 2 sessions for ...
2024-12-24 10:49:48.655 [info] Got 2 sessions for ...
2024-12-24 10:49:48.655 [info] Got 2 sessions for ...
2024-12-24 10:49:48.655 [info] Got 2 sessions for ...
2024-12-24 10:49:48.655 [info] Got 2 sessions for ...
2024-12-24 10:49:48.927 [info] Getting sessions for all scopes...
2024-12-24 10:49:48.927 [info] Got 2 sessions for ...
2024-12-24 10:49:49.850 [info] Getting sessions for all scopes...
2024-12-24 10:49:49.850 [info] Got 2 sessions for ...
2024-12-24 10:49:52.402 [info] Getting sessions for read:user,repo,user:email,workflow...
2024-12-24 10:49:52.403 [info] Got 1 sessions for read:user,repo,user:email,workflow...
2024-12-24 10:49:52.403 [info] Getting sessions for all scopes...
2024-12-24 10:49:52.403 [info] Got 2 sessions for ...
2024-12-24 10:49:52.403 [info] Getting sessions for all scopes...
2024-12-24 10:49:52.403 [info] Got 2 sessions for ...
2024-12-24 10:49:52.470 [info] Getting sessions for project,read:org,read:user,repo,user:email,workflow...
2024-12-24 10:49:52.470 [info] Got 0 sessions for project,read:org,read:user,repo,user:email,workflow...
2024-12-24 10:49:52.489 [info] Getting sessions for read:user,repo,user:email,workflow...
2024-12-24 10:49:52.489 [info] Got 1 sessions for read:user,repo,user:email,workflow...
2024-12-24 10:49:52.580 [info] Getting sessions for read:user,repo,user:email,workflow...
2024-12-24 10:49:52.580 [info] Got 1 sessions for read:user,repo,user:email,workflow...
2024-12-24 10:49:54.238 [info] Getting sessions for all scopes...
2024-12-24 10:49:54.238 [info] Got 2 sessions for ...
2024-12-24 10:49:54.366 [info] Getting sessions for read:user,repo,user:email,workflow...
2024-12-24 10:49:54.366 [info] Got 1 sessions for read:user,repo,user:email,workflow...
2024-12-24 10:49:54.433 [info] Getting sessions for all scopes...
2024-12-24 10:49:54.433 [info] Got 2 sessions for ...
2024-12-24 10:49:54.440 [info] Getting sessions for read:user,repo,user:email,workflow...
2024-12-24 10:49:54.440 [info] Got 1 sessions for read:user,repo,user:email,workflow...
2024-12-24 10:49:56.274 [info] Getting sessions for all scopes...
2024-12-24 10:49:56.274 [info] Got 2 sessions for ...
2024-12-24 10:49:56.274 [info] Getting sessions for all scopes...
2024-12-24 10:49:56.274 [info] Got 2 sessions for ...
2024-12-24 10:49:56.295 [info] Getting sessions for read:user,repo,user:email,workflow...
2024-12-24 10:49:56.295 [info] Got 1 sessions for read:user,repo,user:email,workflow...
2024-12-24 10:49:56.298 [info] Getting sessions for all scopes...
2024-12-24 10:49:56.298 [info] Got 2 sessions for ...
2024-12-24 10:49:56.299 [info] Getting sessions for read:user,repo,user:email,workflow...
2024-12-24 10:49:56.299 [info] Got 1 sessions for read:user,repo,user:email,workflow...
2024-12-24 10:49:56.370 [info] Getting sessions for all scopes...
2024-12-24 10:49:56.370 [info] Got 2 sessions for ...
2024-12-24 10:49:56.386 [info] Getting sessions for read:user,repo,user:email,workflow...
2024-12-24 10:49:56.386 [info] Got 1 sessions for read:user,repo,user:email,workflow...
2024-12-24 10:49:57.802 [info] Getting sessions for all scopes...
2024-12-24 10:49:57.802 [info] Got 2 sessions for ...
2024-12-24 10:49:57.804 [info] Getting sessions for read:user,repo,user:email,workflow...
2024-12-24 10:49:57.804 [info] Got 1 sessions for read:user,repo,user:email,workflow...
2024-12-24 10:50:00.826 [info] Getting sessions for read:user,repo,user:email,workflow...
2024-12-24 10:50:00.826 [info] Got 1 sessions for read:user,repo,user:email,workflow...
2024-12-24 10:50:01.100 [info] Getting sessions for all scopes...
2024-12-24 10:50:01.100 [info] Got 2 sessions for ...
2024-12-24 10:50:01.101 [info] Getting sessions for read:user,repo,user:email,workflow...
2024-12-24 10:50:01.101 [info] Got 1 sessions for read:user,repo,user:email,workflow...
2024-12-24 10:50:02.818 [info] Getting sessions for read:user,repo,user:email,workflow...
2024-12-24 10:50:02.818 [info] Got 1 sessions for read:user,repo,user:email,workflow...
2024-12-24 10:50:07.173 [info] Getting sessions for user:email...
2024-12-24 10:50:07.173 [info] Got 1 sessions for user:email...
