2024-10-16 17:49:28.217 [info] [main] Log level: Info
2024-10-16 17:49:28.217 [info] [main] Validating found git in: "git"
2024-10-16 17:49:28.217 [info] [main] Using git "2.47.0" from "git"
2024-10-16 17:49:28.217 [info] [Model][doInitialScan] Initial repository scan started
2024-10-16 17:49:28.217 [info] > git rev-parse --show-toplevel [11ms]
2024-10-16 17:49:28.217 [info] fatal: not a git repository (or any of the parent directories): .git
2024-10-16 17:49:28.217 [info] > git rev-parse --show-toplevel [6ms]
2024-10-16 17:49:28.217 [info] fatal: not a git repository (or any of the parent directories): .git
2024-10-16 17:49:28.217 [info] [Model][doInitialScan] Initial repository scan completed - repositories (0), closed repositories (0), parent repositories (0), unsafe repositories (0)
2024-10-16 17:49:28.319 [info] > git rev-parse --show-toplevel [1ms]
2024-10-16 17:49:28.319 [info] fatal: not a git repository (or any of the parent directories): .git
2024-10-16 17:49:29.591 [info] > git rev-parse --show-toplevel [2ms]
2024-10-16 17:49:29.591 [info] fatal: not a git repository (or any of the parent directories): .git
2024-10-16 17:50:46.018 [info] > git rev-parse --show-toplevel [1ms]
2024-10-16 17:50:46.018 [info] fatal: not a git repository (or any of the parent directories): .git
2024-10-16 17:51:01.771 [info] > git rev-parse --show-toplevel [1ms]
2024-10-16 17:51:01.771 [info] fatal: not a git repository (or any of the parent directories): .git
2024-10-16 17:51:22.636 [info] > git rev-parse --show-toplevel [1ms]
2024-10-16 17:51:22.636 [info] fatal: not a git repository (or any of the parent directories): .git
2024-10-16 17:51:24.304 [info] > git rev-parse --show-toplevel [1ms]
2024-10-16 17:51:24.304 [info] fatal: not a git repository (or any of the parent directories): .git
2024-10-16 17:51:26.272 [info] > git rev-parse --show-toplevel [1ms]
2024-10-16 17:51:26.272 [info] fatal: not a git repository (or any of the parent directories): .git
2024-10-16 17:51:28.097 [info] > git rev-parse --show-toplevel [1ms]
2024-10-16 17:51:28.097 [info] fatal: not a git repository (or any of the parent directories): .git
2024-10-16 17:51:29.837 [info] > git rev-parse --show-toplevel [2ms]
2024-10-16 17:51:29.837 [info] fatal: not a git repository (or any of the parent directories): .git
